Log file open, 02/02/18 16:32:42
LogWindows: Failed to load 'aqProf.dll' (GetLastError=126)
LogWindows: File 'aqProf.dll' does not exist
LogWindows: Failed to load 'VSPerf140.dll' (GetLastError=126)
LogWindows: File 'VSPerf140.dll' does not exist
LogWindows: Failed to load 'VtuneApi.dll' (GetLastError=126)
LogWindows: File 'VtuneApi.dll' does not exist
LogWindows: Failed to load 'VtuneApi32e.dll' (GetLastError=126)
LogWindows: File 'VtuneApi32e.dll' does not exist
LogInit: Display: Running engine for game: Prototype_2
LogPlatformFile: Not using cached read wrapper
LogInit: Display: RandInit(-1753210661) SRandInit(-1753210661).
LogInit: Read version file with build ID '3709383'
LogInit: Overriding engine version to CL 3832480, compatible CL 3709383
LogInit: Registered custom module enumerator with build ID '3709383'
LogTaskGraph: Started task graph with 5 named threads and 8 total threads with 3 sets of task threads.
LogStats: Stats thread started at 0.432402
LogD3D11RHI: Aftermath initialized
LogModuleManager: Display: Found up-to-date module file ../../../Engine/Plugins/2D/Paper2D/Binaries/Win64/UE4Editor-Paper2D.dll (API version 3709383).
LogModuleManager: Display: Found up-to-date module file ../../../Engine/Plugins/2D/Paper2D/Binaries/Win64/UE4Editor-Paper2DEditor.dll (API version 3709383).
LogModuleManager: Display: Found up-to-date module file ../../../Engine/Plugins/2D/Paper2D/Binaries/Win64/UE4Editor-PaperSpriteSheetImporter.dll (API version 3709383).
LogModuleManager: Display: Found up-to-date module file ../../../Engine/Plugins/2D/Paper2D/Binaries/Win64/UE4Editor-PaperTiledImporter.dll (API version 3709383).
LogModuleManager: Display: Found up-to-date module file ../../../Engine/Plugins/2D/Paper2D/Binaries/Win64/UE4Editor-SmartSnapping.dll (API version 3709383).
LogModuleManager: Display: Found up-to-date module file ../../../Engine/Plugins/Blendables/LightPropagationVolume/Binaries/Win64/UE4Editor-LightPropagationVolumeRuntime.dll (API version 3709383).
LogModuleManager: Display: Found up-to-date module file ../../../Engine/Plugins/Blendables/LightPropagationVolume/Binaries/Win64/UE4Editor-LightPropagationVolumeEditor.dll (API version 3709383).
LogModuleManager: Display: Found up-to-date module file ../../../Engine/Plugins/Developer/GitSourceControl/Binaries/Win64/UE4Editor-GitSourceControl.dll (API version 3709383).
LogModuleManager: Display: Found up-to-date module file ../../../Engine/Plugins/Developer/PerforceSourceControl/Binaries/Win64/UE4Editor-PerforceSourceControl.dll (API version 3709383).
LogModuleManager: Display: Found up-to-date module file ../../../Engine/Plugins/Developer/SubversionSourceControl/Binaries/Win64/UE4Editor-SubversionSourceControl.dll (API version 3709383).
LogModuleManager: Display: Found up-to-date module file ../../../Engine/Plugins/Developer/UObjectPlugin/Binaries/Win64/UE4Editor-UObjectPlugin.dll (API version 3709383).
LogModuleManager: Display: Found up-to-date module file ../../../Engine/Plugins/Developer/VisualStudioCodeSourceCodeAccess/Binaries/Win64/UE4Editor-VisualStudioCodeSourceCodeAccess.dll (API version 3709383).
LogModuleManager: Display: Found up-to-date module file ../../../Engine/Plugins/Developer/VisualStudioSourceCodeAccess/Binaries/Win64/UE4Editor-VisualStudioSourceCodeAccess.dll (API version 3709383).
LogModuleManager: Display: Found up-to-date module file ../../../Engine/Plugins/Editor/AssetManagerEditor/Binaries/Win64/UE4Editor-AssetManagerEditor.dll (API version 3709383).
LogModuleManager: Display: Found up-to-date module file ../../../Engine/Plugins/Editor/AudioCapture/Binaries/Win64/UE4Editor-AudioCapture.dll (API version 3709383).
LogModuleManager: Display: Found up-to-date module file ../../../Engine/Plugins/Editor/FacialAnimation/Binaries/Win64/UE4Editor-FacialAnimation.dll (API version 3709383).
LogModuleManager: Display: Found up-to-date module file ../../../Engine/Plugins/Editor/FacialAnimation/Binaries/Win64/UE4Editor-FacialAnimationEditor.dll (API version 3709383).
LogModuleManager: Display: Found up-to-date module file ../../../Engine/Plugins/Editor/GameplayTagsEditor/Binaries/Win64/UE4Editor-GameplayTagsEditor.dll (API version 3709383).
LogModuleManager: Display: Found up-to-date module file ../../../Engine/Plugins/Editor/MobileLauncherProfileWizard/Binaries/Win64/UE4Editor-MobileLauncherProfileWizard.dll (API version 3709383).
LogModuleManager: Display: Found up-to-date module file ../../../Engine/Plugins/Editor/PluginBrowser/Binaries/Win64/UE4Editor-PluginBrowser.dll (API version 3709383).
LogModuleManager: Display: Found up-to-date module file ../../../Engine/Plugins/Editor/SpeedTreeImporter/Binaries/Win64/UE4Editor-SpeedTreeImporter.dll (API version 3709383).
LogModuleManager: Display: Found up-to-date module file ../../../Engine/Plugins/Experimental/AlembicImporter/Binaries/Win64/UE4Editor-AlembicImporter.dll (API version 3709383).
LogModuleManager: Display: Found up-to-date module file ../../../Engine/Plugins/Experimental/AlembicImporter/Binaries/Win64/UE4Editor-AlembicLibrary.dll (API version 3709383).
LogModuleManager: Display: Found up-to-date module file ../../../Engine/Plugins/Experimental/CharacterAI/Binaries/Win64/UE4Editor-CharacterAI.dll (API version 3709383).
LogModuleManager: Display: Found up-to-date module file ../../../Engine/Plugins/Experimental/HTML5Networking/Binaries/Win64/UE4Editor-HTML5Networking.dll (API version 3709383).
LogModuleManager: Display: Found up-to-date module file ../../../Engine/Plugins/Media/AndroidMedia/Binaries/Win64/UE4Editor-AndroidMediaEditor.dll (API version 3709383).
LogModuleManager: Display: Found up-to-date module file ../../../Engine/Plugins/Media/AndroidMedia/Binaries/Win64/UE4Editor-AndroidMediaFactory.dll (API version 3709383).
LogModuleManager: Display: Found up-to-date module file ../../../Engine/Plugins/Media/AvfMedia/Binaries/Win64/UE4Editor-AvfMediaEditor.dll (API version 3709383).
LogModuleManager: Display: Found up-to-date module file ../../../Engine/Plugins/Media/AvfMedia/Binaries/Win64/UE4Editor-AvfMediaFactory.dll (API version 3709383).
LogModuleManager: Display: Found up-to-date module file ../../../Engine/Plugins/Media/AvfMedia/Binaries/Win64/UE4Editor-AvfMediaFactory.dll (API version 3709383).
LogModuleManager: Display: Found up-to-date module file ../../../Engine/Plugins/Media/ImgMedia/Binaries/Win64/UE4Editor-ImgMedia.dll (API version 3709383).
LogModuleManager: Display: Found up-to-date module file ../../../Engine/Plugins/Media/ImgMedia/Binaries/Win64/UE4Editor-ImgMediaEditor.dll (API version 3709383).
LogModuleManager: Display: Found up-to-date module file ../../../Engine/Plugins/Media/ImgMedia/Binaries/Win64/UE4Editor-ImgMediaFactory.dll (API version 3709383).
LogModuleManager: Display: Found up-to-date module file ../../../Engine/Plugins/Media/ImgMedia/Binaries/Win64/UE4Editor-ImgMediaFactory.dll (API version 3709383).
LogModuleManager: Display: Found up-to-date module file ../../../Engine/Plugins/Media/ImgMedia/Binaries/Win64/UE4Editor-OpenExrWrapper.dll (API version 3709383).
LogModuleManager: Display: Found up-to-date module file ../../../Engine/Plugins/Media/MediaCompositing/Binaries/Win64/UE4Editor-MediaCompositing.dll (API version 3709383).
LogModuleManager: Display: Found up-to-date module file ../../../Engine/Plugins/Media/MediaCompositing/Binaries/Win64/UE4Editor-MediaCompositingEditor.dll (API version 3709383).
LogModuleManager: Display: Found up-to-date module file ../../../Engine/Plugins/Media/MediaPlayerEditor/Binaries/Win64/UE4Editor-MediaPlayerEditor.dll (API version 3709383).
LogModuleManager: Display: Found up-to-date module file ../../../Engine/Plugins/Media/WmfMedia/Binaries/Win64/UE4Editor-WmfMedia.dll (API version 3709383).
LogModuleManager: Display: Found up-to-date module file ../../../Engine/Plugins/Media/WmfMedia/Binaries/Win64/UE4Editor-WmfMediaEditor.dll (API version 3709383).
LogModuleManager: Display: Found up-to-date module file ../../../Engine/Plugins/Media/WmfMedia/Binaries/Win64/UE4Editor-WmfMediaFactory.dll (API version 3709383).
LogModuleManager: Display: Found up-to-date module file ../../../Engine/Plugins/Media/WmfMedia/Binaries/Win64/UE4Editor-WmfMediaFactory.dll (API version 3709383).
LogModuleManager: Display: Found up-to-date module file ../../../Engine/Plugins/Messaging/TcpMessaging/Binaries/Win64/UE4Editor-TcpMessaging.dll (API version 3709383).
LogModuleManager: Display: Found up-to-date module file ../../../Engine/Plugins/Messaging/UdpMessaging/Binaries/Win64/UE4Editor-UdpMessaging.dll (API version 3709383).
LogModuleManager: Display: Found up-to-date module file ../../../Engine/Plugins/MovieScene/ActorSequence/Binaries/Win64/UE4Editor-ActorSequence.dll (API version 3709383).
LogModuleManager: Display: Found up-to-date module file ../../../Engine/Plugins/MovieScene/LevelSequenceEditor/Binaries/Win64/UE4Editor-LevelSequenceEditor.dll (API version 3709383).
LogModuleManager: Display: Found up-to-date module file ../../../Engine/Plugins/MovieScene/MatineeToLevelSequence/Binaries/Win64/UE4Editor-MatineeToLevelSequence.dll (API version 3709383).
LogModuleManager: Display: Found up-to-date module file ../../../Engine/Plugins/Online/OnlineSubsystem/Binaries/Win64/UE4Editor-OnlineSubsystem.dll (API version 3709383).
LogModuleManager: Display: Found up-to-date module file ../../../Engine/Plugins/Runtime/AndroidPermission/Binaries/Win64/UE4Editor-AndroidPermission.dll (API version 3709383).
LogModuleManager: Display: Found up-to-date module file ../../../Engine/Plugins/Online/OnlineSubsystemNull/Binaries/Win64/UE4Editor-OnlineSubsystemNull.dll (API version 3709383).
LogModuleManager: Display: Found up-to-date module file ../../../Engine/Plugins/Online/OnlineSubsystemUtils/Binaries/Win64/UE4Editor-OnlineSubsystemUtils.dll (API version 3709383).
LogModuleManager: Display: Found up-to-date module file ../../../Engine/Plugins/Online/OnlineSubsystemUtils/Binaries/Win64/UE4Editor-OnlineBlueprintSupport.dll (API version 3709383).
LogModuleManager: Display: Found up-to-date module file ../../../Engine/Plugins/Runtime/AndroidDeviceProfileSelector/Binaries/Win64/UE4Editor-AndroidDeviceProfileSelector.dll (API version 3709383).
LogModuleManager: Display: Found up-to-date module file ../../../Engine/Plugins/Runtime/AppleARKit/Binaries/Win64/UE4Editor-AppleARKit.dll (API version 3709383).
LogModuleManager: Display: Found up-to-date module file ../../../Engine/Plugins/Runtime/ArchVisCharacter/Binaries/Win64/UE4Editor-ArchVisCharacter.dll (API version 3709383).
LogModuleManager: Display: Found up-to-date module file ../../../Engine/Plugins/Runtime/CableComponent/Binaries/Win64/UE4Editor-CableComponent.dll (API version 3709383).
LogModuleManager: Display: Found up-to-date module file ../../../Engine/Plugins/Runtime/CustomMeshComponent/Binaries/Win64/UE4Editor-CustomMeshComponent.dll (API version 3709383).
LogModuleManager: Display: Found up-to-date module file ../../../Engine/Plugins/Runtime/ExampleDeviceProfileSelector/Binaries/Win64/UE4Editor-ExampleDeviceProfileSelector.dll (API version 3709383).
LogModuleManager: Display: Found up-to-date module file ../../../Engine/Plugins/Runtime/ImmediatePhysics/Binaries/Win64/UE4Editor-ImmediatePhysics.dll (API version 3709383).
LogModuleManager: Display: Found up-to-date module file ../../../Engine/Plugins/Runtime/ImmediatePhysics/Binaries/Win64/UE4Editor-ImmediatePhysicsEditor.dll (API version 3709383).
LogModuleManager: Display: Found up-to-date module file ../../../Engine/Plugins/Runtime/LocationServicesBPLibrary/Binaries/Win64/UE4Editor-LocationServicesBPLibrary.dll (API version 3709383).
LogModuleManager: Display: Found up-to-date module file ../../../Engine/Plugins/Runtime/MobilePatchingUtils/Binaries/Win64/UE4Editor-MobilePatchingUtils.dll (API version 3709383).
LogModuleManager: Display: Found up-to-date module file ../../../Engine/Plugins/Runtime/Oculus/OculusVR/Binaries/Win64/UE4Editor-OculusHMD.dll (API version 3709383).
LogModuleManager: Display: Found up-to-date module file ../../../Engine/Plugins/Runtime/Oculus/OculusVR/Binaries/Win64/UE4Editor-OculusInput.dll (API version 3709383).
LogModuleManager: Display: Found up-to-date module file ../../../Engine/Plugins/Runtime/Oculus/OculusVR/Binaries/Win64/UE4Editor-OculusEditor.dll (API version 3709383).
LogModuleManager: Display: Found up-to-date module file ../../../Engine/Plugins/Runtime/PhysXVehicles/Binaries/Win64/UE4Editor-PhysXVehicles.dll (API version 3709383).
LogModuleManager: Display: Found up-to-date module file ../../../Engine/Plugins/Runtime/PhysXVehicles/Binaries/Win64/UE4Editor-PhysXVehiclesEditor.dll (API version 3709383).
LogModuleManager: Display: Found up-to-date module file ../../../Engine/Plugins/Runtime/ProceduralMeshComponent/Binaries/Win64/UE4Editor-ProceduralMeshComponent.dll (API version 3709383).
LogModuleManager: Display: Found up-to-date module file ../../../Engine/Plugins/Runtime/ProceduralMeshComponent/Binaries/Win64/UE4Editor-ProceduralMeshComponentEditor.dll (API version 3709383).
LogModuleManager: Display: Found up-to-date module file ../../../Engine/Plugins/Runtime/RuntimePhysXCooking/Binaries/Win64/UE4Editor-RuntimePhysXCooking.dll (API version 3709383).
LogModuleManager: Display: Found up-to-date module file ../../../Engine/Plugins/Runtime/Steam/SteamVR/Binaries/Win64/UE4Editor-SteamVR.dll (API version 3709383).
LogModuleManager: Display: Found up-to-date module file ../../../Engine/Plugins/Runtime/Steam/SteamVR/Binaries/Win64/UE4Editor-SteamVRController.dll (API version 3709383).
LogModuleManager: Display: Found up-to-date module file ../../../Engine/Plugins/Runtime/WindowsMoviePlayer/Binaries/Win64/UE4Editor-WindowsMoviePlayer.dll (API version 3709383).
LogPluginManager: Mounting plugin Paper2D
LogPluginManager: Mounting plugin LightPropagationVolume
LogPluginManager: Mounting plugin CodeLiteSourceCodeAccess
LogPluginManager: Mounting plugin GitSourceControl
LogPluginManager: Mounting plugin KDevelopSourceCodeAccess
LogPluginManager: Mounting plugin NullSourceCodeAccess
LogPluginManager: Mounting plugin PerforceSourceControl
LogPluginManager: Mounting plugin SubversionSourceControl
LogPluginManager: Mounting plugin UObjectPlugin
LogPluginManager: Mounting plugin VisualStudioCodeSourceCodeAccess
LogPluginManager: Mounting plugin VisualStudioSourceCodeAccess
LogPluginManager: Mounting plugin XCodeSourceCodeAccess
LogPluginManager: Mounting plugin AssetManagerEditor
LogPluginManager: Mounting plugin AudioCapture
LogPluginManager: Mounting plugin FacialAnimation
LogPluginManager: Mounting plugin GameplayTagsEditor
LogPluginManager: Mounting plugin MobileLauncherProfileWizard
LogPluginManager: Mounting plugin PluginBrowser
LogPluginManager: Mounting plugin SpeedTreeImporter
LogPluginManager: Mounting plugin AlembicImporter
LogPluginManager: Mounting plugin CharacterAI
LogPluginManager: Mounting plugin HTML5Networking
LogPluginManager: Mounting plugin AndroidMedia
LogPluginManager: Mounting plugin AvfMedia
LogPluginManager: Mounting plugin ImgMedia
LogPluginManager: Mounting plugin MediaCompositing
LogPluginManager: Mounting plugin MediaPlayerEditor
LogPluginManager: Mounting plugin WmfMedia
LogPluginManager: Mounting plugin TcpMessaging
LogPluginManager: Mounting plugin UdpMessaging
LogPluginManager: Mounting plugin ActorSequence
LogPluginManager: Mounting plugin LevelSequenceEditor
LogPluginManager: Mounting plugin MatineeToLevelSequence
LogPluginManager: Mounting plugin OnlineSubsystemGooglePlay
LogPluginManager: Mounting plugin OnlineSubsystemIOS
LogPluginManager: Mounting plugin OnlineSubsystem
LogPluginManager: Mounting plugin OnlineSubsystemNull
LogPluginManager: Mounting plugin OnlineSubsystemUtils
LogPluginManager: Mounting plugin AndroidDeviceProfileSelector
LogPluginManager: Mounting plugin AndroidMoviePlayer
LogPluginManager: Mounting plugin AndroidPermission
LogPluginManager: Mounting plugin AppleARKit
LogPluginManager: Mounting plugin AppleMoviePlayer
LogPluginManager: Mounting plugin ArchVisCharacter
LogPluginManager: Mounting plugin CableComponent
LogPluginManager: Mounting plugin CustomMeshComponent
LogPluginManager: Mounting plugin ExampleDeviceProfileSelector
LogPluginManager: Mounting plugin GoogleCloudMessaging
LogPluginManager: Mounting plugin ImmediatePhysics
LogPluginManager: Mounting plugin IOSDeviceProfileSelector
LogPluginManager: Mounting plugin LinuxDeviceProfileSelector
LogPluginManager: Mounting plugin LocationServicesBPLibrary
LogPluginManager: Mounting plugin MobilePatchingUtils
LogPluginManager: Mounting plugin OculusVR
LogPluginManager: Plugin shader directory ../../../Engine/Plugins/Runtime/Oculus/OculusVR/Shaders found
LogPluginManager: Mapping shader source directory ../../../Engine/Plugins/Runtime/Oculus/OculusVR/Shaders to virtual directory /Plugin/OculusVR
LogPluginManager: Mounting plugin PhysXVehicles
LogPluginManager: Mounting plugin ProceduralMeshComponent
LogPluginManager: Mounting plugin RuntimePhysXCooking
LogPluginManager: Mounting plugin SteamVR
LogPluginManager: Mounting plugin WindowsMoviePlayer
LogInit: Using libcurl 7.47.1
LogInit:  - built for x86_64-pc-win32
LogInit:  - supports SSL with OpenSSL/1.0.2g
LogInit:  - supports HTTP deflate (compression) using libz 1.2.8
LogInit:  - other features:
LogInit:      CURL_VERSION_SSL
LogInit:      CURL_VERSION_LIBZ
LogInit:      CURL_VERSION_IPV6
LogInit:      CURL_VERSION_ASYNCHDNS
LogInit:      CURL_VERSION_LARGEFILE
LogInit:      CURL_VERSION_IDN
LogInit:  CurlRequestOptions (configurable via config and command line):
LogInit:  - bVerifyPeer = false  - Libcurl will NOT verify peer certificate
LogInit:  - bUseHttpProxy = false  - Libcurl will NOT use HTTP proxy
LogInit:  - bDontReuseConnections = false  - Libcurl will reuse connections
LogInit:  - CertBundlePath = nullptr  - Libcurl will use whatever was configured at build time.
LogInit: Build: ++UE4+Release-4.18-CL-3832480
LogInit: Engine Version: 4.18.3-3832480+++UE4+Release-4.18
LogInit: Compatible Engine Version: 4.18.0-3709383+++UE4+Release-4.18
LogInit: Net CL: 3709383
LogDevObjectVersion: Number of dev versions registered: 16
LogDevObjectVersion:   Dev-Blueprints (B0D832E4-1F89-4F0D-ACCF-7EB736FD4AA2): 10
LogDevObjectVersion:   Dev-Build (E1C64328-A22C-4D53-A36C-8E866417BD8C): 0
LogDevObjectVersion:   Dev-Core (375EC13C-06E4-48FB-B500-84F0262A717E): 2
LogDevObjectVersion:   Dev-Editor (E4B068ED-F494-42E9-A231-DA0B2E46BB41): 20
LogDevObjectVersion:   Dev-Framework (CFFC743F-43B0-4480-9391-14DF171D2073): 30
LogDevObjectVersion:   Dev-Mobile (B02B49B5-BB20-44E9-A304-32B752E40360): 0
LogDevObjectVersion:   Dev-Networking (A4E4105C-59A1-49B5-A7C5-40C4547EDFEE): 0
LogDevObjectVersion:   Dev-Online (39C831C9-5AE6-47DC-9A44-9C173E1C8E7C): 0
LogDevObjectVersion:   Dev-Physics (78F01B33-EBEA-4F98-B9B4-84EACCB95AA2): 0
LogDevObjectVersion:   Dev-Platform (6631380F-2D4D-43E0-8009-CF276956A95A): 0
LogDevObjectVersion:   Dev-Rendering (12F88B9F-8875-4AFC-A67C-D90C383ABD29): 20
LogDevObjectVersion:   Dev-Sequencer (7B5AE74C-D270-4C10-A958-57980B212A5A): 4
LogDevObjectVersion:   Dev-VR (D7296918-1DD6-4BDD-9DE2-64A83CC13884): 0
LogDevObjectVersion:   Dev-LoadTimes (C2A15278-BFE7-4AFE-6C17-90FF531DF755): 1
LogDevObjectVersion:   Private-Geometry (6EACA3D4-40EC-4CC1-B786-8BED09428FC5): 1
LogDevObjectVersion:   Dev-AnimPhys (29E575DD-E0A3-4627-9D10-D276232CDCEA): 12
LogInit: Compiled (64-bit): Jan 12 2018 02:04:55
LogInit: Compiled with Visual C++: 19.00.24215.01
LogInit: Build Configuration: Development
LogInit: Branch Name: ++UE4+Release-4.18
LogInit: Command line:  -game
LogInit: Base directory: E:/Programs/UE_4.18/Engine/Binaries/Win64/
LogInit: Installed Engine Build: 1
LogInit: Presizing for max 8388607 objects, including 0 objects not considered by GC, pre-allocating 0 bytes for permanent pool.
LogInit: Object subsystem initialized
[2018.02.02-14.32.46:391][  0]LogInit: Selected Device Profile: [Windows]
[2018.02.02-14.32.46:391][  0]LogInit: Applying CVar settings loaded from the selected device profile: [Windows]
[2018.02.02-14.32.46:500][  0]LogInit: Computer: DESKTOP-657S59M
[2018.02.02-14.32.46:500][  0]LogInit: User: gabit
[2018.02.02-14.32.46:500][  0]LogInit: CPU Page size=4096, Cores=2
[2018.02.02-14.32.46:500][  0]LogInit: High frequency timer resolution =2.533196 MHz
[2018.02.02-14.32.46:501][  0]LogMemory: Memory total: Physical=3.9GB (4GB approx)
[2018.02.02-14.32.46:501][  0]LogMemory: Platform Memory Stats for Windows
[2018.02.02-14.32.46:501][  0]LogMemory: Process Physical Memory: 271.90 MB used, 271.90 MB peak
[2018.02.02-14.32.46:501][  0]LogMemory: Process Virtual Memory: 269.31 MB used, 269.31 MB peak
[2018.02.02-14.32.46:501][  0]LogMemory: Physical Memory: 3029.64 MB used,  949.75 MB free, 3979.39 MB total
[2018.02.02-14.32.46:501][  0]LogMemory: Virtual Memory: 640.11 MB used,  949.75 MB free, 134217728.00 MB total
[2018.02.02-14.32.47:174][  0]LogInit: Using OS detected language (en-US).
[2018.02.02-14.32.47:174][  0]LogInit: Using OS detected locale (en-US).
[2018.02.02-14.32.47:463][  0]LogTextLocalizationManager: No specific localization for 'en-US' exists, so the 'en' localization will be used.
[2018.02.02-14.32.50:107][  0]LogD3D11RHI: D3D11 adapters:
[2018.02.02-14.32.50:638][  0]LogD3D11RHI:    0. 'NVIDIA GeForce 820M' (Feature Level 11_0)
[2018.02.02-14.32.50:638][  0]LogD3D11RHI:       969/0/1989 MB DedicatedVideo/DedicatedSystem/SharedSystem, Outputs:1, VendorId:0x10de
[2018.02.02-14.32.50:752][  0]LogD3D11RHI:    1. 'Intel(R) HD Graphics Family' (Feature Level 11_0)
[2018.02.02-14.32.50:752][  0]LogD3D11RHI:       112/0/1989 MB DedicatedVideo/DedicatedSystem/SharedSystem, Outputs:0, VendorId:0x8086
[2018.02.02-14.32.50:772][  0]LogD3D11RHI:    2. 'Microsoft Basic Render Driver' (Feature Level 11_0)
[2018.02.02-14.32.50:772][  0]LogD3D11RHI:       0/0/1989 MB DedicatedVideo/DedicatedSystem/SharedSystem, Outputs:0, VendorId:0x1414
[2018.02.02-14.32.50:772][  0]LogD3D11RHI: Chosen D3D11 Adapter: 0
[2018.02.02-14.32.50:777][  0]LogD3D11RHI: Creating new Direct3DDevice
[2018.02.02-14.32.50:777][  0]LogD3D11RHI:     GPU DeviceId: 0x1140 (for the marketing name, search the web for "GPU Device Id")
[2018.02.02-14.32.50:777][  0]LogWindows: EnumDisplayDevices:
[2018.02.02-14.32.50:778][  0]LogWindows:    0. 'Intel(R) HD Graphics Family' (P:1 D:1)
[2018.02.02-14.32.50:780][  0]LogWindows:    1. 'Intel(R) HD Graphics Family' (P:0 D:0)
[2018.02.02-14.32.50:781][  0]LogWindows:    2. 'Intel(R) HD Graphics Family' (P:0 D:0)
[2018.02.02-14.32.50:782][  0]LogWindows: DebugString: PrimaryIsNotTheChoosenAdapter PrimaryIsNotTheChoosenAdapter PrimaryIsNotTheChoosenAdapter FoundDriverCount:0 
[2018.02.02-14.32.50:782][  0]LogD3D11RHI:     Adapter Name: NVIDIA GeForce 820M
[2018.02.02-14.32.50:782][  0]LogD3D11RHI:   Driver Version: Unknown (internal:Unknown, unified:Unknown)
[2018.02.02-14.32.50:782][  0]LogD3D11RHI:      Driver Date: Unknown
[2018.02.02-14.32.50:782][  0]LogRHI: Texture pool is 678 MB (70% of 969 MB)
[2018.02.02-14.32.50:865][  0]LogD3D11RHI: Display: Timestamp queries are currently disabled on this hardware due to instability. Realtime GPU stats will not be available. You can override this behaviour by setting r.NVIDIATimestampWorkaround to 0
[2018.02.02-14.32.50:865][  0]LogD3D11RHI: Async texture creation enabled
[2018.02.02-14.32.50:893][  0]LogD3D11RHI: GPU Timing Frequency: 1000.000000 (Debug: 2 3)
[2018.02.02-14.32.50:897][  0]LogShaderCompilers: Guid format shader working directory is -3 characters bigger than the processId version (../../../../../Projects/Unreal Engine/Prototype_2/Intermediate/Shaders/WorkingDirectory/1072/).
[2018.02.02-14.32.50:897][  0]LogShaderCompilers: Cleaned the shader compiler working directory 'C:/Users/gabit/AppData/Local/Temp/UnrealShaderWorkingDir/571E4C654C00F5721407BB808C1409B4/'.
[2018.02.02-14.32.50:897][  0]LogShaderCompilers: Display: Using Local Shader Compiler.
[2018.02.02-14.33.04:842][  0]LogTemp: Display: Loaded TP WindowsClientTargetPlatform
[2018.02.02-14.33.04:915][  0]LogTemp: Display: Loaded TP WindowsNoEditorTargetPlatform
[2018.02.02-14.33.04:994][  0]LogTemp: Display: Loaded TP WindowsServerTargetPlatform
[2018.02.02-14.33.05:070][  0]LogTemp: Display: Loaded TP WindowsTargetPlatform
[2018.02.02-14.33.05:070][  0]LogTargetPlatformManager: Display: Building Assets For Windows
[2018.02.02-14.33.06:320][  0]LogDerivedDataCache: Display: Max Cache Size: 512 MB
[2018.02.02-14.33.06:970][  0]LogDerivedDataCache: Loaded boot cache 0.65s 78MB C:/Users/gabit/AppData/Local/UnrealEngine/4.18/DerivedDataCache/Boot.ddc.
[2018.02.02-14.33.06:970][  0]LogDerivedDataCache: Display: Loaded Boot cache: C:/Users/gabit/AppData/Local/UnrealEngine/4.18/DerivedDataCache/Boot.ddc
[2018.02.02-14.33.06:970][  0]LogDerivedDataCache: FDerivedDataBackendGraph:  Pak pak cache file ../../../../../Projects/Unreal Engine/Prototype_2/DerivedDataCache/DDC.ddp not found, will not use a pak cache.
[2018.02.02-14.33.06:970][  0]LogDerivedDataCache: Unable to find inner node Pak for hierarchical cache Hierarchy.
[2018.02.02-14.33.06:970][  0]LogDerivedDataCache: FDerivedDataBackendGraph:  CompressedPak pak cache file ../../../../../Projects/Unreal Engine/Prototype_2/DerivedDataCache/Compressed.ddp not found, will not use a pak cache.
[2018.02.02-14.33.06:970][  0]LogDerivedDataCache: Unable to find inner node CompressedPak for hierarchical cache Hierarchy.
[2018.02.02-14.33.07:004][  0]LogDerivedDataCache: Display: Pak cache opened for reading ../../../Engine/DerivedDataCache/Compressed.ddp.
[2018.02.02-14.33.07:016][  0]LogDerivedDataCache: Using Local data cache path C:/Users/gabit/AppData/Local/UnrealEngine/Common/DerivedDataCache: Writable
[2018.02.02-14.33.07:037][  0]LogMaterial: Verifying Global Shaders for PCD3D_SM5
[2018.02.02-14.33.07:037][  0]LogSlate: Using Freetype 2.6.0
[2018.02.02-14.33.07:103][  0]LogSlate: SlateFontCache - WITH_FREETYPE: 1, WITH_HARFBUZZ: 1
[2018.02.02-14.33.07:103][  0]LogSlate: SlateFontCache - WITH_FREETYPE: 1, WITH_HARFBUZZ: 1
[2018.02.02-14.33.15:057][  0]LogAssetRegistry: FAssetRegistry took 0.0142 seconds to start up
[2018.02.02-14.33.15:210][  0]LogPackageLocalizationCache: Processed 7 localized package path(s) for 2 prioritized culture(s) in 0.153715 seconds
[2018.02.02-14.33.15:476][  0]LogInit: Selected Device Profile: [Windows]
[2018.02.02-14.33.16:419][  0]LogSimplygon: Simplygon DLL not present - disabling.
[2018.02.02-14.33.16:518][  0]LogMeshReduction: Using SimplygonSwarm for distributed automatic mesh merging
[2018.02.02-14.33.16:518][  0]LogMeshReduction: Using QuadricMeshReduction for automatic static mesh reduction
[2018.02.02-14.33.16:518][  0]LogMeshReduction: No automatic skeletal mesh reduction module available
[2018.02.02-14.33.16:518][  0]LogMeshReduction: No automatic mesh merging module available
[2018.02.02-14.33.16:518][  0]LogMeshMerging: No automatic mesh merging module available
[2018.02.02-14.33.16:579][  0]LogNetVersion: Prototype_2 , NetCL: 3709383, EngineNetVer: 2, GameNetVer: 0 (Checksum: 2651596170)
[2018.02.02-14.33.17:989][  0]LogInit: WinSock: version 1.1 (2.2), MaxSocks=32767, MaxUdp=65467
[2018.02.02-14.33.23:324][  0]LogMoviePlayer: Initializing movie player
[2018.02.02-14.33.24:541][  0]LogCollectionManager: Loaded 0 collections in 0.003351 seconds
[2018.02.02-14.33.24:605][  0]LogFileCache: Scanning file cache for directory 'E:/Projects/Unreal Engine/Prototype_2/Saved/Collections/' took 0.01s
[2018.02.02-14.33.24:605][  0]LogFileCache: Scanning file cache for directory 'E:/Projects/Unreal Engine/Prototype_2/Content/Developers/gabit/Collections/' took 0.01s
[2018.02.02-14.33.24:605][  0]LogFileCache: Scanning file cache for directory 'E:/Projects/Unreal Engine/Prototype_2/Content/Collections/' took 0.01s
[2018.02.02-14.33.24:605][  0]LogCollectionManager: Rebuilt the object cache for 0 collections in 0.000000 seconds (found 0 objects)
[2018.02.02-14.33.24:605][  0]LogCollectionManager: Fixed up redirectors for 0 collections in 0.000157 seconds (updated 0 objects)
[2018.02.02-14.33.26:480][  0]SourceControl: Source control is disabled
[2018.02.02-14.33.26:480][  0]SourceControl: Source control is disabled
[2018.02.02-14.33.26:641][  0]SourceControl: Source control is disabled
[2018.02.02-14.33.27:686][  0]LogAndroidPermission: UAndroidPermissionCallbackProxy::GetInstance
[2018.02.02-14.33.28:668][  0]LogOcInput: OculusInput pre-init called
[2018.02.02-14.33.29:001][  0]LogUObjectArray: 38923 objects as part of root set at end of initial load.
[2018.02.02-14.33.29:001][  0]LogUObjectAllocator: 8349192 out of 0 bytes used by permanent object pool.
[2018.02.02-14.33.29:001][  0]LogUObjectArray: CloseDisregardForGC: 0/0 objects in disregard for GC pool
[2018.02.02-14.33.29:379][  0]LogEngine: Initializing Engine...
[2018.02.02-14.33.29:383][  0]LogHMD: Failed to initialize OpenVR with code 110
[2018.02.02-14.33.29:928][  0]LogStats: UGameplayTagsManager::ConstructGameplayTagTree: Construct from data asset -  0.000 s
[2018.02.02-14.33.29:928][  0]LogStats: UGameplayTagsManager::ConstructGameplayTagTree: GameplayTagTreeChangedEvent.Broadcast -  0.000 s
[2018.02.02-14.33.29:942][  0]LogInit: XAudio2 using 'Speakers (Realtek High Definition Audio)' : 2 channels at 48 kHz using 32 bits per sample (channel mask 0x3)
[2018.02.02-14.33.29:994][  0]LogInit: FAudioDevice initialized.
[2018.02.02-14.33.30:226][  0]LogDerivedDataCache: Saved boot cache 0.22s 78MB C:/Users/gabit/AppData/Local/UnrealEngine/4.18/DerivedDataCache/Boot.ddc.
[2018.02.02-14.33.30:263][  0]LogInit: Texture streaming: Enabled
[2018.02.02-14.33.30:392][  0]LogMaterial: Uniform references updated for custom material expression Custom.
[2018.02.02-14.33.31:288][  0]LogInit: Display: Game Engine Initialized.
[2018.02.02-14.33.31:288][  0]LogGameplayTags: Display: UGameplayTagsManager::DoneAddingNativeTags. DelegateIsBound: 0
[2018.02.02-14.33.31:914][  0]LogInit: Display: Starting Game.
[2018.02.02-14.33.31:914][  0]LogNet: Browse: /Game/SideScrollerBP/Maps/SideScrollerExampleMap?Name=Player
[2018.02.02-14.33.31:914][  0]LogLoad: LoadMap: /Game/SideScrollerBP/Maps/SideScrollerExampleMap?Name=Player
[2018.02.02-14.33.35:731][  0]LogAIModule: Creating AISystem for world SideScrollerExampleMap
[2018.02.02-14.33.35:755][  0]LogLoad: Game class is 'SideScrollerGameMode_C'
[2018.02.02-14.33.35:765][  0]LogWorld: Bringing World /Game/SideScrollerBP/Maps/SideScrollerExampleMap.SideScrollerExampleMap up for play (max tick rate 0) at 2018.02.02-16.33.35
[2018.02.02-14.33.35:766][  0]LogWorld: Bringing up level for play took: 0.009599
[2018.02.02-14.33.35:768][  0]LogLoad: Took 3.853712 seconds to LoadMap(/Game/SideScrollerBP/Maps/SideScrollerExampleMap)
[2018.02.02-14.33.37:531][  0]LogRenderer: Reallocating scene render targets to support 1368x768 Format 10 NumSamples 1 (Frame:1).
[2018.02.02-14.33.37:531][  0]LogD3D11RHI: Error: Direct3DDevice->CreateTexture2D(TextureDesc,SubResourceData,OutTexture2D) failed 
 at D:\Build\++UE4+Release-4.18+Compile\Sync\Engine\Source\Runtime\Windows\D3D11RHI\Private\D3D11Texture.cpp:441 
 with error E_OUTOFMEMORY, 
 Size=6144x2048x1 Format=(0x00000035), NumMips=1, Flags=D3D11_BIND_DEPTH_STENCIL D3D11_BIND_SHADER_RESOURCE 
[2018.02.02-14.33.37:531][  0]LogConsoleResponse:     23 = 8208 KB (2D 1368x768 PF_FloatRGBA RT UAV) LightAccumulation
[2018.02.02-14.33.37:531][  0]LogConsoleResponse:     14 = 4104 KB (2D 1368x768 PF_DepthStencil VRam) SceneDepthZ VRamInKB(Start/Size):<NONE>
[2018.02.02-14.33.37:531][  0]LogConsoleResponse:     24 = 2052 KB (2D 1368x384 PF_R32_UINT RT UAV) QuadOverdrawBuffer
[2018.02.02-14.33.37:531][  0]LogConsoleResponse:     15 = 2052 KB (2D 684x384 PF_DepthStencil) SmallDepthZ
[2018.02.02-14.33.37:531][  0]LogConsoleResponse:     17 = 2048 KB (3D 64x64x64 PF_FloatRGBA RT UAV) TranslucentVolume0
[2018.02.02-14.33.37:531][  0]LogConsoleResponse:     19 = 2048 KB (3D 64x64x64 PF_FloatRGBA RT UAV) TranslucentVolume1
[2018.02.02-14.33.37:531][  0]LogConsoleResponse:     21 = 2048 KB (3D 64x64x64 PF_FloatRGBA RT UAV) TranslucentVolume2
[2018.02.02-14.33.37:531][  0]LogConsoleResponse:     18 = 2048 KB (3D 64x64x64 PF_FloatRGBA RT UAV) TranslucentVolumeDir0
[2018.02.02-14.33.37:531][  0]LogConsoleResponse:     20 = 2048 KB (3D 64x64x64 PF_FloatRGBA RT UAV) TranslucentVolumeDir1
[2018.02.02-14.33.37:531][  0]LogConsoleResponse:     22 = 2048 KB (3D 64x64x64 PF_FloatRGBA RT UAV) TranslucentVolumeDir2
[2018.02.02-14.33.37:531][  0]LogConsoleResponse:     25 = 2048 KB (3D 64x64x64 PF_FloatRGBA) IndirectLightingCache_0
[2018.02.02-14.33.37:531][  0]LogConsoleResponse:     26 = 2048 KB (3D 64x64x64 PF_FloatRGBA) IndirectLightingCache_1
[2018.02.02-14.33.37:531][  0]LogConsoleResponse:     27 = 2048 KB (3D 64x64x64 PF_FloatRGBA) IndirectLightingCache_2
[2018.02.02-14.33.37:531][  0]LogConsoleResponse:     16 = 1026 KB (2D 1368x768 PF_G8 RT UAV) ScreenSpaceAO
[2018.02.02-14.33.37:531][  0]LogConsoleResponse:      1 = 256 KB (2D 256x256 PF_B8G8R8A8) HZBResultsCPU
[2018.02.02-14.33.37:531][  0]LogConsoleResponse:      7 = 64 KB (2D 128x128 PF_B8G8R8A8) PerlinNoiseGradient
[2018.02.02-14.33.37:531][  0]LogConsoleResponse:     13 = 16 KB (2D 128x32 PF_G16R16) PreintegratedGF
[2018.02.02-14.33.37:531][  0]LogConsoleResponse:     11 = 16 KB (3D 16x16x16 PF_B8G8R8A8) PerlinNoise3D
[2018.02.02-14.33.37:531][  0]LogConsoleResponse:     12 = 8 KB (2D 64x64 PF_R8G8) SSAORandomization
[2018.02.02-14.33.37:531][  0]LogConsoleResponse:      4 = 1 KB (2D 1x1 PF_B8G8R8A8 RT) BlackAlphaOneDummy
[2018.02.02-14.33.37:531][  0]LogConsoleResponse:      3 = 1 KB (2D 1x1 PF_B8G8R8A8 RT) BlackDummy
[2018.02.02-14.33.37:531][  0]LogConsoleResponse:      6 = 1 KB (2D 1x1 PF_B8G8R8A8 RT) DefaultNormal8Bit
[2018.02.02-14.33.37:531][  0]LogConsoleResponse:      5 = 1 KB (2D 1x1 PF_B8G8R8A8 RT) GreenDummy
[2018.02.02-14.33.37:532][  0]LogConsoleResponse:      2 = 1 KB (2D 1x1 PF_B8G8R8A8 RT) WhiteDummy
[2018.02.02-14.33.37:532][  0]LogConsoleResponse:     10 = 1 KB (2D 1x1 PF_DepthStencil) DepthDummy
[2018.02.02-14.33.37:532][  0]LogConsoleResponse:      9 = 1 KB (2D 1x1 PF_FloatRGBA RT) MaxFP16Depth
[2018.02.02-14.33.37:532][  0]LogConsoleResponse:      8 = 1 KB (2D 32x16 PF_R16_UINT) SobolSampling
[2018.02.02-14.33.37:532][  0]LogConsoleResponse:     28 = 0 KB (2D 6144x2048 PF_ShadowDepth) UnknownTexture2D
[2018.02.02-14.33.37:532][  0]LogConsoleResponse: 
[2018.02.02-14.33.37:532][  0]LogConsoleResponse: Pool: 36/36 MB (referenced/allocated)
[2018.02.02-14.33.37:532][  0]LogWindows: FPlatformMisc::RequestExit(1)
[2018.02.02-14.33.37:532][  0]Log file closed, 02/02/18 16:33:37
