Log file open, 02/02/18 21:09:53
LogWindows: Failed to load 'aqProf.dll' (GetLastError=126)
LogWindows: File 'aqProf.dll' does not exist
LogWindows: Failed to load 'VSPerf140.dll' (GetLastError=126)
LogWindows: File 'VSPerf140.dll' does not exist
LogWindows: Failed to load 'VtuneApi.dll' (GetLastError=126)
LogWindows: File 'VtuneApi.dll' does not exist
LogWindows: Failed to load 'VtuneApi32e.dll' (GetLastError=126)
LogWindows: File 'VtuneApi32e.dll' does not exist
LogInit: Display: Running engine for game: Prototype_2
LogPlatformFile: Not using cached read wrapper
LogInit: Display: RandInit(1175218614) SRandInit(1175218614).
LogInit: Read version file with build ID '3709383'
LogInit: Overriding engine version to CL 3794801, compatible CL 3709383
LogInit: Registered custom module enumerator with build ID '3709383'
LogTaskGraph: Started task graph with 5 named threads and 8 total threads with 3 sets of task threads.
LogStats: Stats thread started at 0.225162
LogD3D11RHI: Aftermath initialized
LogModuleManager: Display: Found up-to-date module file ../../../Engine/Plugins/2D/Paper2D/Binaries/Win64/UE4Editor-Paper2D.dll (API version 3709383).
LogModuleManager: Display: Found up-to-date module file ../../../Engine/Plugins/2D/Paper2D/Binaries/Win64/UE4Editor-Paper2DEditor.dll (API version 3709383).
LogModuleManager: Display: Found up-to-date module file ../../../Engine/Plugins/2D/Paper2D/Binaries/Win64/UE4Editor-PaperSpriteSheetImporter.dll (API version 3709383).
LogModuleManager: Display: Found up-to-date module file ../../../Engine/Plugins/2D/Paper2D/Binaries/Win64/UE4Editor-PaperTiledImporter.dll (API version 3709383).
LogModuleManager: Display: Found up-to-date module file ../../../Engine/Plugins/2D/Paper2D/Binaries/Win64/UE4Editor-SmartSnapping.dll (API version 3709383).
LogModuleManager: Display: Found up-to-date module file ../../../Engine/Plugins/Blendables/LightPropagationVolume/Binaries/Win64/UE4Editor-LightPropagationVolumeRuntime.dll (API version 3709383).
LogModuleManager: Display: Found up-to-date module file ../../../Engine/Plugins/Blendables/LightPropagationVolume/Binaries/Win64/UE4Editor-LightPropagationVolumeEditor.dll (API version 3709383).
LogModuleManager: Display: Found up-to-date module file ../../../Engine/Plugins/Developer/GitSourceControl/Binaries/Win64/UE4Editor-GitSourceControl.dll (API version 3709383).
LogModuleManager: Display: Found up-to-date module file ../../../Engine/Plugins/Developer/PerforceSourceControl/Binaries/Win64/UE4Editor-PerforceSourceControl.dll (API version 3709383).
LogModuleManager: Display: Found up-to-date module file ../../../Engine/Plugins/Developer/SubversionSourceControl/Binaries/Win64/UE4Editor-SubversionSourceControl.dll (API version 3709383).
LogModuleManager: Display: Found up-to-date module file ../../../Engine/Plugins/Developer/UObjectPlugin/Binaries/Win64/UE4Editor-UObjectPlugin.dll (API version 3709383).
LogModuleManager: Display: Found up-to-date module file ../../../Engine/Plugins/Developer/VisualStudioCodeSourceCodeAccess/Binaries/Win64/UE4Editor-VisualStudioCodeSourceCodeAccess.dll (API version 3709383).
LogModuleManager: Display: Found up-to-date module file ../../../Engine/Plugins/Developer/VisualStudioSourceCodeAccess/Binaries/Win64/UE4Editor-VisualStudioSourceCodeAccess.dll (API version 3709383).
LogModuleManager: Display: Found up-to-date module file ../../../Engine/Plugins/Editor/AssetManagerEditor/Binaries/Win64/UE4Editor-AssetManagerEditor.dll (API version 3709383).
LogModuleManager: Display: Found up-to-date module file ../../../Engine/Plugins/Editor/AudioCapture/Binaries/Win64/UE4Editor-AudioCapture.dll (API version 3709383).
LogModuleManager: Display: Found up-to-date module file ../../../Engine/Plugins/Editor/FacialAnimation/Binaries/Win64/UE4Editor-FacialAnimation.dll (API version 3709383).
LogModuleManager: Display: Found up-to-date module file ../../../Engine/Plugins/Editor/FacialAnimation/Binaries/Win64/UE4Editor-FacialAnimationEditor.dll (API version 3709383).
LogModuleManager: Display: Found up-to-date module file ../../../Engine/Plugins/Editor/GameplayTagsEditor/Binaries/Win64/UE4Editor-GameplayTagsEditor.dll (API version 3709383).
LogModuleManager: Display: Found up-to-date module file ../../../Engine/Plugins/Editor/MobileLauncherProfileWizard/Binaries/Win64/UE4Editor-MobileLauncherProfileWizard.dll (API version 3709383).
LogModuleManager: Display: Found up-to-date module file ../../../Engine/Plugins/Editor/PluginBrowser/Binaries/Win64/UE4Editor-PluginBrowser.dll (API version 3709383).
LogModuleManager: Display: Found up-to-date module file ../../../Engine/Plugins/Editor/SpeedTreeImporter/Binaries/Win64/UE4Editor-SpeedTreeImporter.dll (API version 3709383).
LogModuleManager: Display: Found up-to-date module file ../../../Engine/Plugins/Experimental/AlembicImporter/Binaries/Win64/UE4Editor-AlembicImporter.dll (API version 3709383).
LogModuleManager: Display: Found up-to-date module file ../../../Engine/Plugins/Experimental/AlembicImporter/Binaries/Win64/UE4Editor-AlembicLibrary.dll (API version 3709383).
LogModuleManager: Display: Found up-to-date module file ../../../Engine/Plugins/Experimental/CharacterAI/Binaries/Win64/UE4Editor-CharacterAI.dll (API version 3709383).
LogModuleManager: Display: Found up-to-date module file ../../../Engine/Plugins/Experimental/HTML5Networking/Binaries/Win64/UE4Editor-HTML5Networking.dll (API version 3709383).
LogModuleManager: Display: Found up-to-date module file ../../../Engine/Plugins/Media/AndroidMedia/Binaries/Win64/UE4Editor-AndroidMediaEditor.dll (API version 3709383).
LogModuleManager: Display: Found up-to-date module file ../../../Engine/Plugins/Media/AndroidMedia/Binaries/Win64/UE4Editor-AndroidMediaFactory.dll (API version 3709383).
LogModuleManager: Display: Found up-to-date module file ../../../Engine/Plugins/Media/AvfMedia/Binaries/Win64/UE4Editor-AvfMediaEditor.dll (API version 3709383).
LogModuleManager: Display: Found up-to-date module file ../../../Engine/Plugins/Media/AvfMedia/Binaries/Win64/UE4Editor-AvfMediaFactory.dll (API version 3709383).
LogModuleManager: Display: Found up-to-date module file ../../../Engine/Plugins/Media/AvfMedia/Binaries/Win64/UE4Editor-AvfMediaFactory.dll (API version 3709383).
LogModuleManager: Display: Found up-to-date module file ../../../Engine/Plugins/Media/ImgMedia/Binaries/Win64/UE4Editor-ImgMedia.dll (API version 3709383).
LogModuleManager: Display: Found up-to-date module file ../../../Engine/Plugins/Media/ImgMedia/Binaries/Win64/UE4Editor-ImgMediaEditor.dll (API version 3709383).
LogModuleManager: Display: Found up-to-date module file ../../../Engine/Plugins/Media/ImgMedia/Binaries/Win64/UE4Editor-ImgMediaFactory.dll (API version 3709383).
LogModuleManager: Display: Found up-to-date module file ../../../Engine/Plugins/Media/ImgMedia/Binaries/Win64/UE4Editor-ImgMediaFactory.dll (API version 3709383).
LogModuleManager: Display: Found up-to-date module file ../../../Engine/Plugins/Media/ImgMedia/Binaries/Win64/UE4Editor-OpenExrWrapper.dll (API version 3709383).
LogModuleManager: Display: Found up-to-date module file ../../../Engine/Plugins/Media/MediaCompositing/Binaries/Win64/UE4Editor-MediaCompositing.dll (API version 3709383).
LogModuleManager: Display: Found up-to-date module file ../../../Engine/Plugins/Media/MediaCompositing/Binaries/Win64/UE4Editor-MediaCompositingEditor.dll (API version 3709383).
LogModuleManager: Display: Found up-to-date module file ../../../Engine/Plugins/Media/MediaPlayerEditor/Binaries/Win64/UE4Editor-MediaPlayerEditor.dll (API version 3709383).
LogModuleManager: Display: Found up-to-date module file ../../../Engine/Plugins/Media/WmfMedia/Binaries/Win64/UE4Editor-WmfMedia.dll (API version 3709383).
LogModuleManager: Display: Found up-to-date module file ../../../Engine/Plugins/Media/WmfMedia/Binaries/Win64/UE4Editor-WmfMediaEditor.dll (API version 3709383).
LogModuleManager: Display: Found up-to-date module file ../../../Engine/Plugins/Media/WmfMedia/Binaries/Win64/UE4Editor-WmfMediaFactory.dll (API version 3709383).
LogModuleManager: Display: Found up-to-date module file ../../../Engine/Plugins/Media/WmfMedia/Binaries/Win64/UE4Editor-WmfMediaFactory.dll (API version 3709383).
LogModuleManager: Display: Found up-to-date module file ../../../Engine/Plugins/Messaging/TcpMessaging/Binaries/Win64/UE4Editor-TcpMessaging.dll (API version 3709383).
LogModuleManager: Display: Found up-to-date module file ../../../Engine/Plugins/Messaging/UdpMessaging/Binaries/Win64/UE4Editor-UdpMessaging.dll (API version 3709383).
LogModuleManager: Display: Found up-to-date module file ../../../Engine/Plugins/MovieScene/ActorSequence/Binaries/Win64/UE4Editor-ActorSequence.dll (API version 3709383).
LogModuleManager: Display: Found up-to-date module file ../../../Engine/Plugins/MovieScene/LevelSequenceEditor/Binaries/Win64/UE4Editor-LevelSequenceEditor.dll (API version 3709383).
LogModuleManager: Display: Found up-to-date module file ../../../Engine/Plugins/MovieScene/MatineeToLevelSequence/Binaries/Win64/UE4Editor-MatineeToLevelSequence.dll (API version 3709383).
LogModuleManager: Display: Found up-to-date module file ../../../Engine/Plugins/Online/OnlineSubsystem/Binaries/Win64/UE4Editor-OnlineSubsystem.dll (API version 3709383).
LogModuleManager: Display: Found up-to-date module file ../../../Engine/Plugins/Runtime/AndroidPermission/Binaries/Win64/UE4Editor-AndroidPermission.dll (API version 3709383).
LogModuleManager: Display: Found up-to-date module file ../../../Engine/Plugins/Online/OnlineSubsystemNull/Binaries/Win64/UE4Editor-OnlineSubsystemNull.dll (API version 3709383).
LogModuleManager: Display: Found up-to-date module file ../../../Engine/Plugins/Online/OnlineSubsystemUtils/Binaries/Win64/UE4Editor-OnlineSubsystemUtils.dll (API version 3709383).
LogModuleManager: Display: Found up-to-date module file ../../../Engine/Plugins/Online/OnlineSubsystemUtils/Binaries/Win64/UE4Editor-OnlineBlueprintSupport.dll (API version 3709383).
LogModuleManager: Display: Found up-to-date module file ../../../Engine/Plugins/Runtime/AndroidDeviceProfileSelector/Binaries/Win64/UE4Editor-AndroidDeviceProfileSelector.dll (API version 3709383).
LogModuleManager: Display: Found up-to-date module file ../../../Engine/Plugins/Runtime/AppleARKit/Binaries/Win64/UE4Editor-AppleARKit.dll (API version 3709383).
LogModuleManager: Display: Found up-to-date module file ../../../Engine/Plugins/Runtime/ArchVisCharacter/Binaries/Win64/UE4Editor-ArchVisCharacter.dll (API version 3709383).
LogModuleManager: Display: Found up-to-date module file ../../../Engine/Plugins/Runtime/CableComponent/Binaries/Win64/UE4Editor-CableComponent.dll (API version 3709383).
LogModuleManager: Display: Found up-to-date module file ../../../Engine/Plugins/Runtime/CustomMeshComponent/Binaries/Win64/UE4Editor-CustomMeshComponent.dll (API version 3709383).
LogModuleManager: Display: Found up-to-date module file ../../../Engine/Plugins/Runtime/ExampleDeviceProfileSelector/Binaries/Win64/UE4Editor-ExampleDeviceProfileSelector.dll (API version 3709383).
LogModuleManager: Display: Found up-to-date module file ../../../Engine/Plugins/Runtime/ImmediatePhysics/Binaries/Win64/UE4Editor-ImmediatePhysics.dll (API version 3709383).
LogModuleManager: Display: Found up-to-date module file ../../../Engine/Plugins/Runtime/ImmediatePhysics/Binaries/Win64/UE4Editor-ImmediatePhysicsEditor.dll (API version 3709383).
LogModuleManager: Display: Found up-to-date module file ../../../Engine/Plugins/Runtime/LocationServicesBPLibrary/Binaries/Win64/UE4Editor-LocationServicesBPLibrary.dll (API version 3709383).
LogModuleManager: Display: Found up-to-date module file ../../../Engine/Plugins/Runtime/MobilePatchingUtils/Binaries/Win64/UE4Editor-MobilePatchingUtils.dll (API version 3709383).
LogModuleManager: Display: Found up-to-date module file ../../../Engine/Plugins/Runtime/Oculus/OculusVR/Binaries/Win64/UE4Editor-OculusHMD.dll (API version 3709383).
LogModuleManager: Display: Found up-to-date module file ../../../Engine/Plugins/Runtime/Oculus/OculusVR/Binaries/Win64/UE4Editor-OculusInput.dll (API version 3709383).
LogModuleManager: Display: Found up-to-date module file ../../../Engine/Plugins/Runtime/Oculus/OculusVR/Binaries/Win64/UE4Editor-OculusEditor.dll (API version 3709383).
LogModuleManager: Display: Found up-to-date module file ../../../Engine/Plugins/Runtime/PhysXVehicles/Binaries/Win64/UE4Editor-PhysXVehicles.dll (API version 3709383).
LogModuleManager: Display: Found up-to-date module file ../../../Engine/Plugins/Runtime/PhysXVehicles/Binaries/Win64/UE4Editor-PhysXVehiclesEditor.dll (API version 3709383).
LogModuleManager: Display: Found up-to-date module file ../../../Engine/Plugins/Runtime/ProceduralMeshComponent/Binaries/Win64/UE4Editor-ProceduralMeshComponent.dll (API version 3709383).
LogModuleManager: Display: Found up-to-date module file ../../../Engine/Plugins/Runtime/ProceduralMeshComponent/Binaries/Win64/UE4Editor-ProceduralMeshComponentEditor.dll (API version 3709383).
LogModuleManager: Display: Found up-to-date module file ../../../Engine/Plugins/Runtime/RuntimePhysXCooking/Binaries/Win64/UE4Editor-RuntimePhysXCooking.dll (API version 3709383).
LogModuleManager: Display: Found up-to-date module file ../../../Engine/Plugins/Runtime/Steam/SteamVR/Binaries/Win64/UE4Editor-SteamVR.dll (API version 3709383).
LogModuleManager: Display: Found up-to-date module file ../../../Engine/Plugins/Runtime/Steam/SteamVR/Binaries/Win64/UE4Editor-SteamVRController.dll (API version 3709383).
LogModuleManager: Display: Found up-to-date module file ../../../Engine/Plugins/Runtime/WindowsMoviePlayer/Binaries/Win64/UE4Editor-WindowsMoviePlayer.dll (API version 3709383).
LogPluginManager: Mounting plugin Paper2D
LogPluginManager: Mounting plugin LightPropagationVolume
LogPluginManager: Mounting plugin CodeLiteSourceCodeAccess
LogPluginManager: Mounting plugin GitSourceControl
LogPluginManager: Mounting plugin KDevelopSourceCodeAccess
LogPluginManager: Mounting plugin NullSourceCodeAccess
LogPluginManager: Mounting plugin PerforceSourceControl
LogPluginManager: Mounting plugin SubversionSourceControl
LogPluginManager: Mounting plugin UObjectPlugin
LogPluginManager: Mounting plugin VisualStudioCodeSourceCodeAccess
LogPluginManager: Mounting plugin VisualStudioSourceCodeAccess
LogPluginManager: Mounting plugin XCodeSourceCodeAccess
LogPluginManager: Mounting plugin AssetManagerEditor
LogPluginManager: Mounting plugin AudioCapture
LogPluginManager: Mounting plugin FacialAnimation
LogPluginManager: Mounting plugin GameplayTagsEditor
LogPluginManager: Mounting plugin MobileLauncherProfileWizard
LogPluginManager: Mounting plugin PluginBrowser
LogPluginManager: Mounting plugin SpeedTreeImporter
LogPluginManager: Mounting plugin AlembicImporter
LogPluginManager: Mounting plugin CharacterAI
LogPluginManager: Mounting plugin HTML5Networking
LogPluginManager: Mounting plugin AndroidMedia
LogPluginManager: Mounting plugin AvfMedia
LogPluginManager: Mounting plugin ImgMedia
LogPluginManager: Mounting plugin MediaCompositing
LogPluginManager: Mounting plugin MediaPlayerEditor
LogPluginManager: Mounting plugin WmfMedia
LogPluginManager: Mounting plugin TcpMessaging
LogPluginManager: Mounting plugin UdpMessaging
LogPluginManager: Mounting plugin ActorSequence
LogPluginManager: Mounting plugin LevelSequenceEditor
LogPluginManager: Mounting plugin MatineeToLevelSequence
LogPluginManager: Mounting plugin OnlineSubsystemGooglePlay
LogPluginManager: Mounting plugin OnlineSubsystemIOS
LogPluginManager: Mounting plugin OnlineSubsystem
LogPluginManager: Mounting plugin OnlineSubsystemNull
LogPluginManager: Mounting plugin OnlineSubsystemUtils
LogPluginManager: Mounting plugin AndroidDeviceProfileSelector
LogPluginManager: Mounting plugin AndroidMoviePlayer
LogPluginManager: Mounting plugin AndroidPermission
LogPluginManager: Mounting plugin AppleARKit
LogPluginManager: Mounting plugin AppleMoviePlayer
LogPluginManager: Mounting plugin ArchVisCharacter
LogPluginManager: Mounting plugin CableComponent
LogPluginManager: Mounting plugin CustomMeshComponent
LogPluginManager: Mounting plugin ExampleDeviceProfileSelector
LogPluginManager: Mounting plugin GoogleCloudMessaging
LogPluginManager: Mounting plugin ImmediatePhysics
LogPluginManager: Mounting plugin IOSDeviceProfileSelector
LogPluginManager: Mounting plugin LinuxDeviceProfileSelector
LogPluginManager: Mounting plugin LocationServicesBPLibrary
LogPluginManager: Mounting plugin MobilePatchingUtils
LogPluginManager: Mounting plugin OculusVR
LogPluginManager: Plugin shader directory ../../../Engine/Plugins/Runtime/Oculus/OculusVR/Shaders found
LogPluginManager: Mapping shader source directory ../../../Engine/Plugins/Runtime/Oculus/OculusVR/Shaders to virtual directory /Plugin/OculusVR
LogPluginManager: Mounting plugin PhysXVehicles
LogPluginManager: Mounting plugin ProceduralMeshComponent
LogPluginManager: Mounting plugin RuntimePhysXCooking
LogPluginManager: Mounting plugin SteamVR
LogPluginManager: Mounting plugin WindowsMoviePlayer
LogInit: Using libcurl 7.47.1
LogInit:  - built for x86_64-pc-win32
LogInit:  - supports SSL with OpenSSL/1.0.2g
LogInit:  - supports HTTP deflate (compression) using libz 1.2.8
LogInit:  - other features:
LogInit:      CURL_VERSION_SSL
LogInit:      CURL_VERSION_LIBZ
LogInit:      CURL_VERSION_IPV6
LogInit:      CURL_VERSION_ASYNCHDNS
LogInit:      CURL_VERSION_LARGEFILE
LogInit:      CURL_VERSION_IDN
LogInit:  CurlRequestOptions (configurable via config and command line):
LogInit:  - bVerifyPeer = false  - Libcurl will NOT verify peer certificate
LogInit:  - bUseHttpProxy = false  - Libcurl will NOT use HTTP proxy
LogInit:  - bDontReuseConnections = false  - Libcurl will reuse connections
LogInit:  - CertBundlePath = nullptr  - Libcurl will use whatever was configured at build time.
LogInit: Build: ++UE4+Release-4.18-CL-3794801
LogInit: Engine Version: 4.18.2-3794801+++UE4+Release-4.18
LogInit: Compatible Engine Version: 4.18.0-3709383+++UE4+Release-4.18
LogInit: Net CL: 3709383
LogDevObjectVersion: Number of dev versions registered: 16
LogDevObjectVersion:   Dev-Blueprints (B0D832E4-1F89-4F0D-ACCF-7EB736FD4AA2): 10
LogDevObjectVersion:   Dev-Build (E1C64328-A22C-4D53-A36C-8E866417BD8C): 0
LogDevObjectVersion:   Dev-Core (375EC13C-06E4-48FB-B500-84F0262A717E): 2
LogDevObjectVersion:   Dev-Editor (E4B068ED-F494-42E9-A231-DA0B2E46BB41): 20
LogDevObjectVersion:   Dev-Framework (CFFC743F-43B0-4480-9391-14DF171D2073): 30
LogDevObjectVersion:   Dev-Mobile (B02B49B5-BB20-44E9-A304-32B752E40360): 0
LogDevObjectVersion:   Dev-Networking (A4E4105C-59A1-49B5-A7C5-40C4547EDFEE): 0
LogDevObjectVersion:   Dev-Online (39C831C9-5AE6-47DC-9A44-9C173E1C8E7C): 0
LogDevObjectVersion:   Dev-Physics (78F01B33-EBEA-4F98-B9B4-84EACCB95AA2): 0
LogDevObjectVersion:   Dev-Platform (6631380F-2D4D-43E0-8009-CF276956A95A): 0
LogDevObjectVersion:   Dev-Rendering (12F88B9F-8875-4AFC-A67C-D90C383ABD29): 20
LogDevObjectVersion:   Dev-Sequencer (7B5AE74C-D270-4C10-A958-57980B212A5A): 4
LogDevObjectVersion:   Dev-VR (D7296918-1DD6-4BDD-9DE2-64A83CC13884): 0
LogDevObjectVersion:   Dev-LoadTimes (C2A15278-BFE7-4AFE-6C17-90FF531DF755): 1
LogDevObjectVersion:   Private-Geometry (6EACA3D4-40EC-4CC1-B786-8BED09428FC5): 1
LogDevObjectVersion:   Dev-AnimPhys (29E575DD-E0A3-4627-9D10-D276232CDCEA): 12
LogInit: Compiled (64-bit): Dec  8 2017 02:04:53
LogInit: Compiled with Visual C++: 19.00.24215.01
LogInit: Build Configuration: Development
LogInit: Branch Name: ++UE4+Release-4.18
LogInit: Command line:  -game
LogInit: Base directory: C:/Program Files/Epic Games/UE_4.18/Engine/Binaries/Win64/
LogInit: Installed Engine Build: 1
LogInit: Presizing for max 8388607 objects, including 0 objects not considered by GC, pre-allocating 0 bytes for permanent pool.
LogInit: Object subsystem initialized
[2018.02.02-19.10.02:017][  0]LogInit: Selected Device Profile: [Windows]
[2018.02.02-19.10.02:017][  0]LogInit: Applying CVar settings loaded from the selected device profile: [Windows]
[2018.02.02-19.10.02:142][  0]LogInit: Computer: DESKTOP-9IJNG5J
[2018.02.02-19.10.02:142][  0]LogInit: User: stefana
[2018.02.02-19.10.02:142][  0]LogInit: CPU Page size=4096, Cores=2
[2018.02.02-19.10.02:142][  0]LogInit: High frequency timer resolution =2.143472 MHz
[2018.02.02-19.10.02:143][  0]LogMemory: Memory total: Physical=3.9GB (4GB approx)
[2018.02.02-19.10.02:143][  0]LogMemory: Platform Memory Stats for Windows
[2018.02.02-19.10.02:143][  0]LogMemory: Process Physical Memory: 271.94 MB used, 271.94 MB peak
[2018.02.02-19.10.02:143][  0]LogMemory: Process Virtual Memory: 269.26 MB used, 269.26 MB peak
[2018.02.02-19.10.02:143][  0]LogMemory: Physical Memory: 2721.29 MB used,  1285.32 MB free, 4006.61 MB total
[2018.02.02-19.10.02:143][  0]LogMemory: Virtual Memory: 659.09 MB used,  1285.32 MB free, 134217728.00 MB total
[2018.02.02-19.10.03:235][  0]LogInit: Using OS detected language (en-US).
[2018.02.02-19.10.03:235][  0]LogInit: Using OS detected locale (en-US).
[2018.02.02-19.10.03:586][  0]LogTextLocalizationManager: No specific localization for 'en-US' exists, so the 'en' localization will be used.
[2018.02.02-19.10.05:481][  0]LogD3D11RHI: D3D11 adapters:
[2018.02.02-19.10.05:487][  0]LogD3D11RHI:    0. 'Intel(R) HD Graphics 5500' (Feature Level 11_0)
[2018.02.02-19.10.05:487][  0]LogD3D11RHI:       128/0/2003 MB DedicatedVideo/DedicatedSystem/SharedSystem, Outputs:1, VendorId:0x8086
[2018.02.02-19.10.05:490][  0]LogD3D11RHI:    1. 'Microsoft Basic Render Driver' (Feature Level 11_0)
[2018.02.02-19.10.05:490][  0]LogD3D11RHI:       0/0/2003 MB DedicatedVideo/DedicatedSystem/SharedSystem, Outputs:0, VendorId:0x1414
[2018.02.02-19.10.05:490][  0]LogD3D11RHI: Chosen D3D11 Adapter: 0
[2018.02.02-19.10.05:497][  0]LogD3D11RHI: Creating new Direct3DDevice
[2018.02.02-19.10.05:497][  0]LogD3D11RHI:     GPU DeviceId: 0x1616 (for the marketing name, search the web for "GPU Device Id")
[2018.02.02-19.10.05:497][  0]LogWindows: EnumDisplayDevices:
[2018.02.02-19.10.05:497][  0]LogWindows:    0. 'Intel(R) HD Graphics 5500' (P:1 D:1)
[2018.02.02-19.10.05:497][  0]LogWindows:    1. 'Intel(R) HD Graphics 5500' (P:0 D:0)
[2018.02.02-19.10.05:498][  0]LogWindows:    2. 'Intel(R) HD Graphics 5500' (P:0 D:0)
[2018.02.02-19.10.05:498][  0]LogWindows: DebugString: GetVideoDriverDetailsInvalid PrimaryIsNotTheChoosenAdapter GetVideoDriverDetailsInvalid PrimaryIsNotTheChoosenAdapter GetVideoDriverDetailsInvalid PrimaryIsNotTheChoosenAdapter FoundDriverCount:0 
[2018.02.02-19.10.05:498][  0]LogD3D11RHI:     Adapter Name: Intel(R) HD Graphics 5500
[2018.02.02-19.10.05:498][  0]LogD3D11RHI:   Driver Version: Unknown (internal:Unknown, unified:Unknown)
[2018.02.02-19.10.05:498][  0]LogD3D11RHI:      Driver Date: Unknown
[2018.02.02-19.10.05:498][  0]LogRHI: Texture pool is 790 MB (70% of 1129 MB)
[2018.02.02-19.10.05:503][  0]LogD3D11RHI: Async texture creation enabled
[2018.02.02-19.10.05:510][  0]LogD3D11RHI: GPU Timing Frequency: 12.500000 (Debug: 2 0)
[2018.02.02-19.10.05:510][  0]LogShaderCompilers: Guid format shader working directory is -13 characters bigger than the processId version (../../../../../../Users/stefana/Documents/GitHub/Prototype_2/Intermediate/Shaders/WorkingDirectory/11948/).
[2018.02.02-19.10.05:511][  0]LogShaderCompilers: Cleaned the shader compiler working directory 'C:/Users/stefana/AppData/Local/Temp/UnrealShaderWorkingDir/EA6B0B3543C1769A2B2785A1BC540CCD/'.
[2018.02.02-19.10.05:511][  0]LogShaderCompilers: Display: Using Local Shader Compiler.
[2018.02.02-19.10.13:188][  0]LogTemp: Display: Loaded TP WindowsClientTargetPlatform
[2018.02.02-19.10.13:532][  0]LogTemp: Display: Loaded TP WindowsNoEditorTargetPlatform
[2018.02.02-19.10.13:661][  0]LogTemp: Display: Loaded TP WindowsServerTargetPlatform
[2018.02.02-19.10.13:900][  0]LogTemp: Display: Loaded TP WindowsTargetPlatform
[2018.02.02-19.10.13:900][  0]LogTargetPlatformManager: Display: Building Assets For Windows
[2018.02.02-19.10.16:688][  0]LogDerivedDataCache: Display: Max Cache Size: 512 MB
[2018.02.02-19.10.18:254][  0]LogDerivedDataCache: Loaded boot cache 1.54s 78MB C:/Users/stefana/AppData/Local/UnrealEngine/4.18/DerivedDataCache/Boot.ddc.
[2018.02.02-19.10.18:254][  0]LogDerivedDataCache: Display: Loaded Boot cache: C:/Users/stefana/AppData/Local/UnrealEngine/4.18/DerivedDataCache/Boot.ddc
[2018.02.02-19.10.18:254][  0]LogDerivedDataCache: FDerivedDataBackendGraph:  Pak pak cache file ../../../../../../Users/stefana/Documents/GitHub/Prototype_2/DerivedDataCache/DDC.ddp not found, will not use a pak cache.
[2018.02.02-19.10.18:255][  0]LogDerivedDataCache: Unable to find inner node Pak for hierarchical cache Hierarchy.
[2018.02.02-19.10.18:255][  0]LogDerivedDataCache: FDerivedDataBackendGraph:  CompressedPak pak cache file ../../../../../../Users/stefana/Documents/GitHub/Prototype_2/DerivedDataCache/Compressed.ddp not found, will not use a pak cache.
[2018.02.02-19.10.18:255][  0]LogDerivedDataCache: Unable to find inner node CompressedPak for hierarchical cache Hierarchy.
[2018.02.02-19.10.18:336][  0]LogDerivedDataCache: Display: Pak cache opened for reading ../../../Engine/DerivedDataCache/Compressed.ddp.
[2018.02.02-19.10.18:351][  0]LogDerivedDataCache: Using Local data cache path C:/Users/stefana/AppData/Local/UnrealEngine/Common/DerivedDataCache: Writable
[2018.02.02-19.10.18:375][  0]LogMaterial: Verifying Global Shaders for PCD3D_SM5
[2018.02.02-19.10.18:448][  0]LogSlate: Using Freetype 2.6.0
[2018.02.02-19.10.18:495][  0]LogSlate: SlateFontCache - WITH_FREETYPE: 1, WITH_HARFBUZZ: 1
[2018.02.02-19.10.18:495][  0]LogSlate: SlateFontCache - WITH_FREETYPE: 1, WITH_HARFBUZZ: 1
[2018.02.02-19.10.30:654][  0]LogAssetRegistry: FAssetRegistry took 0.0226 seconds to start up
[2018.02.02-19.10.30:913][  0]LogPackageLocalizationCache: Processed 7 localized package path(s) for 2 prioritized culture(s) in 0.259268 seconds
[2018.02.02-19.10.31:259][  0]LogInit: Selected Device Profile: [Windows]
[2018.02.02-19.10.33:410][  0]LogSimplygon: Simplygon DLL not present - disabling.
[2018.02.02-19.10.33:783][  0]LogMeshReduction: Using SimplygonSwarm for distributed automatic mesh merging
[2018.02.02-19.10.33:783][  0]LogMeshReduction: Using QuadricMeshReduction for automatic static mesh reduction
[2018.02.02-19.10.33:783][  0]LogMeshReduction: No automatic skeletal mesh reduction module available
[2018.02.02-19.10.33:783][  0]LogMeshReduction: No automatic mesh merging module available
[2018.02.02-19.10.33:783][  0]LogMeshMerging: No automatic mesh merging module available
[2018.02.02-19.10.34:119][  0]LogNetVersion: Prototype_2 , NetCL: 3709383, EngineNetVer: 2, GameNetVer: 0 (Checksum: 2651596170)
[2018.02.02-19.10.41:175][  0]LogInit: WinSock: version 1.1 (2.2), MaxSocks=32767, MaxUdp=65467
[2018.02.02-19.10.52:230][  0]LogMoviePlayer: Initializing movie player
[2018.02.02-19.10.54:755][  0]LogCollectionManager: Loaded 0 collections in 0.007709 seconds
[2018.02.02-19.10.54:981][  0]LogFileCache: Scanning file cache for directory 'C:/Users/stefana/Documents/GitHub/Prototype_2/Saved/Collections/' took 0.02s
[2018.02.02-19.10.54:981][  0]LogFileCache: Scanning file cache for directory 'C:/Users/stefana/Documents/GitHub/Prototype_2/Content/Developers/stefana/Collections/' took 0.01s
[2018.02.02-19.10.54:981][  0]LogFileCache: Scanning file cache for directory 'C:/Users/stefana/Documents/GitHub/Prototype_2/Content/Collections/' took 0.01s
[2018.02.02-19.10.54:981][  0]LogCollectionManager: Rebuilt the object cache for 0 collections in 0.000000 seconds (found 0 objects)
[2018.02.02-19.10.54:981][  0]LogCollectionManager: Fixed up redirectors for 0 collections in 0.000258 seconds (updated 0 objects)
[2018.02.02-19.10.58:724][  0]SourceControl: Source control is disabled
[2018.02.02-19.10.58:729][  0]SourceControl: Source control is disabled
[2018.02.02-19.10.58:950][  0]SourceControl: Source control is disabled
[2018.02.02-19.11.01:559][  0]LogAndroidPermission: UAndroidPermissionCallbackProxy::GetInstance
[2018.02.02-19.11.03:508][  0]LogOcInput: OculusInput pre-init called
[2018.02.02-19.11.04:794][  0]LogUObjectArray: 38953 objects as part of root set at end of initial load.
[2018.02.02-19.11.04:795][  0]LogUObjectAllocator: 8357512 out of 0 bytes used by permanent object pool.
[2018.02.02-19.11.04:795][  0]LogUObjectArray: CloseDisregardForGC: 0/0 objects in disregard for GC pool
[2018.02.02-19.11.06:284][  0]LogEngine: Initializing Engine...
[2018.02.02-19.11.06:360][  0]LogHMD: Failed to initialize OpenVR with code 110
[2018.02.02-19.11.07:962][  0]LogStats: UGameplayTagsManager::ConstructGameplayTagTree: Construct from data asset -  0.000 s
[2018.02.02-19.11.07:965][  0]LogStats: UGameplayTagsManager::ConstructGameplayTagTree: GameplayTagTreeChangedEvent.Broadcast -  0.001 s
[2018.02.02-19.11.08:114][  0]LogInit: XAudio2 using 'Speakers / Headphones (Realtek Audio)' : 2 channels at 48 kHz using 32 bits per sample (channel mask 0x3)
[2018.02.02-19.11.08:309][  0]LogInit: FAudioDevice initialized.
[2018.02.02-19.11.09:128][  0]LogDerivedDataCache: Saved boot cache 0.74s 78MB C:/Users/stefana/AppData/Local/UnrealEngine/4.18/DerivedDataCache/Boot.ddc.
[2018.02.02-19.11.09:221][  0]LogInit: Texture streaming: Enabled
[2018.02.02-19.11.09:441][  0]LogMaterial: Uniform references updated for custom material expression Custom.
[2018.02.02-19.11.15:361][  0]LogInit: Display: Game Engine Initialized.
[2018.02.02-19.11.15:381][  0]LogGameplayTags: Display: UGameplayTagsManager::DoneAddingNativeTags. DelegateIsBound: 0
[2018.02.02-19.11.16:745][  0]LogInit: Display: Starting Game.
[2018.02.02-19.11.16:892][  0]LogNet: Browse: /Game/SideScrollerBP/Maps/SideScrollerExampleMap?Name=Player
[2018.02.02-19.11.16:908][  0]LogLoad: LoadMap: /Game/SideScrollerBP/Maps/SideScrollerExampleMap?Name=Player
[2018.02.02-19.11.25:340][  0]LogAIModule: Creating AISystem for world SideScrollerExampleMap
[2018.02.02-19.11.25:393][  0]LogLoad: Game class is 'SideScrollerGameMode_C'
[2018.02.02-19.11.26:086][  0]LogWorld: Bringing World /Game/SideScrollerBP/Maps/SideScrollerExampleMap.SideScrollerExampleMap up for play (max tick rate 0) at 2018.02.02-21.11.26
[2018.02.02-19.11.26:116][  0]LogWorld: Bringing up level for play took: 0.698722
[2018.02.02-19.11.26:489][  0]LogLoad: Took 9.580786 seconds to LoadMap(/Game/SideScrollerBP/Maps/SideScrollerExampleMap)
[2018.02.02-19.11.28:227][  0]LogRenderer: Reallocating scene render targets to support 1368x768 Format 10 NumSamples 1 (Frame:1).
[2018.02.02-19.11.28:227][  0]LogLoad: (Engine Initialization) Total time: 138.85 seconds
[2018.02.02-19.11.28:227][  0]LogLoad: (Engine Initialization) Total Blueprint compile time: 0.00 seconds
[2018.02.02-19.11.28:331][  0]LogExternalProfiler: No external profilers were discovered.  External profiling features will not be available.
[2018.02.02-19.11.30:708][  0]LogContentStreaming: Texture pool size now 1000 MB
[2018.02.02-19.14.49:809][265]LogWindowsTextInputMethodSystem: Display: IME system now deactivated.
[2018.02.02-19.14.50:278][266]LogEngine: All Windows Closed
[2018.02.02-19.14.50:279][266]LogWindows: FPlatformMisc::RequestExit(0)
[2018.02.02-19.14.52:242][267]LogExit: Preparing to exit.
[2018.02.02-19.14.52:256][267]LogMoviePlayer: Shutting down movie player
[2018.02.02-19.14.53:557][267]LogExit: Game engine shut down
[2018.02.02-19.14.55:953][267]LogExit: Object subsystem successfully closed.
[2018.02.02-19.14.56:202][267]LogD3D11RHI: Shutdown
[2018.02.02-19.14.56:209][267]LogD3D11RHI: CleanupD3DDevice
[2018.02.02-19.14.56:274][267]LogD3D11RHI: ~FD3D11DynamicRHI
[2018.02.02-19.14.57:495][267]LogModuleManager: Shutting down and abandoning module SequenceRecorderSections (312)
[2018.02.02-19.14.57:495][267]LogModuleManager: Shutting down and abandoning module SequenceRecorder (310)
[2018.02.02-19.14.57:502][267]LogModuleManager: Shutting down and abandoning module AutomationController (308)
[2018.02.02-19.14.57:525][267]LogModuleManager: Shutting down and abandoning module AutomationWorker (306)
[2018.02.02-19.14.57:542][267]LogModuleManager: Shutting down and abandoning module AIModule (304)
[2018.02.02-19.14.57:542][267]LogModuleManager: Shutting down and abandoning module GameplayDebugger (303)
[2018.02.02-19.14.57:579][267]LogModuleManager: Shutting down and abandoning module AITestSuite (301)
[2018.02.02-19.14.57:610][267]LogModuleManager: Shutting down and abandoning module WmfMediaFactory (298)
[2018.02.02-19.14.57:610][267]LogModuleManager: Shutting down and abandoning module OpenExrWrapper (296)
[2018.02.02-19.14.57:610][267]LogModuleManager: Shutting down and abandoning module ImgMediaFactory (294)
[2018.02.02-19.14.57:610][267]LogModuleManager: Shutting down and abandoning module AvfMediaFactory (292)
[2018.02.02-19.14.57:610][267]LogModuleManager: Shutting down and abandoning module CharacterAI (290)
[2018.02.02-19.14.57:610][267]LogModuleManager: Shutting down and abandoning module SessionServices (288)
[2018.02.02-19.14.57:610][267]LogModuleManager: Shutting down and abandoning module MovieSceneCapture (286)
[2018.02.02-19.14.57:610][267]LogModuleManager: Shutting down and abandoning module MovieSceneTracks (284)
[2018.02.02-19.14.57:610][267]LogModuleManager: Shutting down and abandoning module MovieScene (282)
[2018.02.02-19.14.57:610][267]LogModuleManager: Shutting down and abandoning module GeometryCache (280)
[2018.02.02-19.14.57:616][267]LogModuleManager: Shutting down and abandoning module GeometryCacheEd (279)
[2018.02.02-19.14.57:616][267]LogModuleManager: Shutting down and abandoning module StreamingPauseRendering (276)
[2018.02.02-19.14.57:616][267]LogModuleManager: Shutting down and abandoning module PortalServices (274)
[2018.02.02-19.14.57:616][267]LogModuleManager: Shutting down and abandoning module PortalRpc (272)
[2018.02.02-19.14.57:616][267]LogModuleManager: Shutting down and abandoning module MessagingRpc (270)
[2018.02.02-19.14.57:616][267]LogModuleManager: Shutting down and abandoning module ProfilerService (268)
[2018.02.02-19.14.57:794][267]LogModuleManager: Shutting down and abandoning module TaskGraph (266)
[2018.02.02-19.14.57:870][267]LogModuleManager: Shutting down and abandoning module SteamVRController (264)
[2018.02.02-19.14.57:870][267]LogModuleManager: Shutting down and abandoning module ProceduralMeshComponent (262)
[2018.02.02-19.14.57:880][267]LogModuleManager: Shutting down and abandoning module OculusInput (260)
[2018.02.02-19.14.57:896][267]LogModuleManager: Shutting down and abandoning module MobilePatchingUtils (258)
[2018.02.02-19.14.57:896][267]LogModuleManager: Shutting down and abandoning module CustomMeshComponent (256)
[2018.02.02-19.14.57:896][267]LogModuleManager: Shutting down and abandoning module CableComponent (254)
[2018.02.02-19.14.57:908][267]LogModuleManager: Shutting down and abandoning module ArchVisCharacter (252)
[2018.02.02-19.14.57:908][267]LogModuleManager: Shutting down and abandoning module AndroidPermission (250)
[2018.02.02-19.14.57:908][267]LogModuleManager: Shutting down and abandoning module ActorSequence (246)
[2018.02.02-19.14.57:908][267]LogModuleManager: Shutting down and abandoning module MediaCompositing (244)
[2018.02.02-19.14.57:908][267]LogModuleManager: Shutting down and abandoning module HTML5Networking (242)
[2018.02.02-19.14.57:908][267]LogModuleManager: Shutting down and abandoning module VisualStudioSourceCodeAccess (240)
[2018.02.02-19.14.57:908][267]LogModuleManager: Shutting down and abandoning module HotReload (239)
[2018.02.02-19.14.57:924][267]LogModuleManager: Shutting down and abandoning module VisualStudioCodeSourceCodeAccess (236)
[2018.02.02-19.14.57:924][267]LogModuleManager: Shutting down and abandoning module UObjectPlugin (234)
[2018.02.02-19.14.57:924][267]LogModuleManager: Shutting down and abandoning module SubversionSourceControl (232)
[2018.02.02-19.14.57:948][267]LogModuleManager: Shutting down and abandoning module PerforceSourceControl (230)
[2018.02.02-19.14.57:970][267]LogModuleManager: Shutting down and abandoning module SourceControl (229)
[2018.02.02-19.14.57:987][267]LogModuleManager: Shutting down and abandoning module RuntimePhysXCooking (226)
[2018.02.02-19.14.57:987][267]LogModuleManager: Shutting down and abandoning module PhysXVehiclesEditor (224)
[2018.02.02-19.14.58:000][267]LogModuleManager: Shutting down and abandoning module PhysXVehicles (222)
[2018.02.02-19.14.58:000][267]LogModuleManager: Shutting down and abandoning module LocationServicesBPLibrary (220)
[2018.02.02-19.14.58:000][267]LogModuleManager: Shutting down and abandoning module ImmediatePhysicsEditor (218)
[2018.02.02-19.14.58:000][267]LogModuleManager: Shutting down and abandoning module ImmediatePhysics (216)
[2018.02.02-19.14.58:016][267]LogModuleManager: Shutting down and abandoning module UdpMessaging (214)
[2018.02.02-19.14.58:032][267]LogModuleManager: Shutting down and abandoning module TcpMessaging (212)
[2018.02.02-19.14.58:037][267]LogModuleManager: Shutting down and abandoning module GameplayTagsEditor (210)
[2018.02.02-19.14.58:047][267]LogModuleManager: Shutting down and abandoning module FacialAnimation (208)
[2018.02.02-19.14.58:047][267]LogModuleManager: Shutting down and abandoning module AssetManagerEditor (206)
[2018.02.02-19.14.58:086][267]LogModuleManager: Shutting down and abandoning module GraphEditor (205)
[2018.02.02-19.14.58:138][267]LogModuleManager: Shutting down and abandoning module ContentBrowser (203)
[2018.02.02-19.14.58:174][267]LogModuleManager: Shutting down and abandoning module CollectionManager (202)
[2018.02.02-19.14.58:201][267]LogDirectoryWatcher: A directory notification for 'C:/Users/stefana/Documents/GitHub/Prototype_2/Content/Collections/' was aborted.
[2018.02.02-19.14.58:201][267]LogDirectoryWatcher: A directory notification for 'C:/Users/stefana/Documents/GitHub/Prototype_2/Content/Developers/stefana/Collections/' was aborted.
[2018.02.02-19.14.58:201][267]LogDirectoryWatcher: A directory notification for 'C:/Users/stefana/Documents/GitHub/Prototype_2/Saved/Collections/' was aborted.
[2018.02.02-19.14.58:201][267]LogModuleManager: Shutting down and abandoning module DirectoryWatcher (201)
[2018.02.02-19.14.58:202][267]LogModuleManager: Shutting down and abandoning module LightPropagationVolumeRuntime (196)
[2018.02.02-19.14.58:202][267]LogModuleManager: Shutting down and abandoning module Paper2D (194)
[2018.02.02-19.14.58:202][267]LogModuleManager: Shutting down and abandoning module WindowsMoviePlayer (192)
[2018.02.02-19.14.58:211][267]LogModuleManager: Shutting down and abandoning module WmfMedia (190)
[2018.02.02-19.14.58:229][267]LogModuleManager: Shutting down and abandoning module ImgMedia (188)
[2018.02.02-19.14.58:229][267]LogModuleManager: Shutting down and abandoning module PacketHandler (186)
[2018.02.02-19.14.58:229][267]LogModuleManager: Shutting down and abandoning module ClothingSystemEditor (184)
[2018.02.02-19.14.58:229][267]LogModuleManager: Shutting down and abandoning module ClothingSystemRuntime (182)
[2018.02.02-19.14.58:250][267]LogModuleManager: Shutting down and abandoning module MediaAssets (180)
[2018.02.02-19.14.58:250][267]LogModuleManager: Shutting down and abandoning module Media (179)
[2018.02.02-19.14.58:257][267]LogModuleManager: Shutting down and abandoning module Overlay (176)
[2018.02.02-19.14.58:257][267]LogModuleManager: Shutting down and abandoning module OverlayEditor (175)
[2018.02.02-19.14.58:257][267]LogModuleManager: Shutting down and abandoning module VREditor (172)
[2018.02.02-19.14.58:270][267]LogModuleManager: Shutting down and abandoning module StringTableEditor (170)
[2018.02.02-19.14.58:278][267]LogModuleManager: Shutting down and abandoning module GameplayTasksEditor (168)
[2018.02.02-19.14.58:278][267]LogModuleManager: Shutting down and abandoning module BehaviorTreeEditor (166)
[2018.02.02-19.14.58:305][267]LogModuleManager: Shutting down and abandoning module FunctionalTesting (164)
[2018.02.02-19.14.58:330][267]LogModuleManager: Shutting down and abandoning module CollisionAnalyzer (162)
[2018.02.02-19.14.58:351][267]LogModuleManager: Shutting down and abandoning module WorkspaceMenuStructure (161)
[2018.02.02-19.14.58:411][267]LogModuleManager: Shutting down and abandoning module UMG (158)
[2018.02.02-19.14.58:411][267]LogModuleManager: Shutting down and abandoning module UMGEditor (157)
[2018.02.02-19.14.58:476][267]LogModuleManager: Shutting down and abandoning module Sequencer (156)
[2018.02.02-19.14.58:502][267]LogModuleManager: Shutting down and abandoning module MessageLog (153)
[2018.02.02-19.14.58:516][267]LogModuleManager: Shutting down and abandoning module SlateReflector (148)
[2018.02.02-19.14.58:543][267]LogModuleManager: Shutting down and abandoning module Slate (146)
[2018.02.02-19.14.58:549][267]LogModuleManager: Shutting down and abandoning module EditorStyle (144)
[2018.02.02-19.14.58:576][267]LogModuleManager: Shutting down and abandoning module MRMesh (142)
[2018.02.02-19.14.58:576][267]LogModuleManager: Shutting down and abandoning module Messaging (140)
[2018.02.02-19.14.58:576][267]LogModuleManager: Shutting down and abandoning module SourceCodeAccess (138)
[2018.02.02-19.14.58:577][267]LogModuleManager: Shutting down and abandoning module HeadMountedDisplay (136)
[2018.02.02-19.14.58:577][267]LogModuleManager: Shutting down and abandoning module XAudio2 (134)
[2018.02.02-19.14.58:577][267]LogModuleManager: Shutting down and abandoning module Networking (132)
[2018.02.02-19.14.58:577][267]LogModuleManager: Shutting down and abandoning module Core (128)
[2018.02.02-19.14.58:577][267]LogModuleManager: Shutting down and abandoning module LevelSequence (126)
[2018.02.02-19.14.58:591][267]LogModuleManager: Shutting down and abandoning module KismetCompiler (124)
[2018.02.02-19.14.58:591][267]LogModuleManager: Shutting down and abandoning module MeshUtilities (122)
[2018.02.02-19.14.58:612][267]LogModuleManager: Shutting down and abandoning module MeshMergeUtilities (121)
[2018.02.02-19.14.58:623][267]LogModuleManager: Shutting down and abandoning module MeshReductionInterface (120)
[2018.02.02-19.14.58:623][267]LogModuleManager: Shutting down and abandoning module SimplygonSwarm (119)
[2018.02.02-19.14.58:636][267]LogModuleManager: Shutting down and abandoning module SimplygonMeshReduction (117)
[2018.02.02-19.14.58:636][267]LogModuleManager: Shutting down and abandoning module QuadricMeshReduction (115)
[2018.02.02-19.14.58:646][267]LogModuleManager: Shutting down and abandoning module MaterialBaking (111)
[2018.02.02-19.14.58:685][267]LogModuleManager: Shutting down and abandoning module DerivedDataCache (106)
[2018.02.02-19.14.58:733][267]LogDerivedDataCache: Shutdown
[2018.02.02-19.14.58:733][267]LogModuleManager: Shutting down and abandoning module TargetPlatform (104)
[2018.02.02-19.14.58:733][267]LogModuleManager: Shutting down and abandoning module VulkanShaderFormat (103)
[2018.02.02-19.14.58:747][267]LogModuleManager: Shutting down and abandoning module ShaderFormatVectorVM (101)
[2018.02.02-19.14.58:773][267]LogModuleManager: Shutting down and abandoning module ShaderFormatOpenGL (99)
[2018.02.02-19.14.58:799][267]LogModuleManager: Shutting down and abandoning module ShaderFormatD3D (97)
[2018.02.02-19.14.58:808][267]LogModuleManager: Shutting down and abandoning module MetalShaderFormat (95)
[2018.02.02-19.14.58:828][267]LogModuleManager: Shutting down and abandoning module TextureFormatUncompressed (93)
[2018.02.02-19.14.58:828][267]LogModuleManager: Shutting down and abandoning module TextureFormatPVR (91)
[2018.02.02-19.14.58:828][267]LogModuleManager: Shutting down and abandoning module TextureFormatDXT (89)
[2018.02.02-19.14.58:845][267]LogModuleManager: Shutting down and abandoning module TextureFormatIntelISPCTexComp (87)
[2018.02.02-19.14.58:858][267]LogModuleManager: Shutting down and abandoning module TextureFormatASTC (85)
[2018.02.02-19.14.58:858][267]LogModuleManager: Shutting down and abandoning module ImageWrapper (84)
[2018.02.02-19.14.58:858][267]LogModuleManager: Shutting down and abandoning module TextureFormatAndroid (81)
[2018.02.02-19.14.58:859][267]LogModuleManager: Shutting down and abandoning module AudioFormatOpus (79)
[2018.02.02-19.14.58:859][267]LogModuleManager: Shutting down and abandoning module AudioFormatOgg (77)
[2018.02.02-19.14.58:859][267]LogModuleManager: Shutting down and abandoning module AudioFormatADPCM (75)
[2018.02.02-19.14.58:859][267]LogModuleManager: Shutting down and abandoning module WindowsTargetPlatform (73)
[2018.02.02-19.14.58:859][267]LogModuleManager: Shutting down and abandoning module WindowsServerTargetPlatform (71)
[2018.02.02-19.14.58:859][267]LogModuleManager: Shutting down and abandoning module WindowsNoEditorTargetPlatform (69)
[2018.02.02-19.14.58:859][267]LogModuleManager: Shutting down and abandoning module WindowsClientTargetPlatform (67)
[2018.02.02-19.14.58:859][267]LogModuleManager: Shutting down and abandoning module InputCore (64)
[2018.02.02-19.14.58:859][267]LogModuleManager: Shutting down and abandoning module Settings (62)
[2018.02.02-19.14.58:859][267]LogModuleManager: Shutting down and abandoning module PhysXCooking (60)
[2018.02.02-19.14.58:859][267]LogModuleManager: Shutting down and abandoning module SteamVR (58)
[2018.02.02-19.14.58:859][267]LogModuleManager: Shutting down and abandoning module OculusHMD (56)
[2018.02.02-19.14.58:872][267]LogModuleManager: Shutting down and abandoning module ExampleDeviceProfileSelector (54)
[2018.02.02-19.14.58:872][267]LogModuleManager: Shutting down and abandoning module AppleARKit (52)
[2018.02.02-19.14.58:872][267]LogModuleManager: Shutting down and abandoning module AugmentedReality (51)
[2018.02.02-19.14.58:872][267]LogModuleManager: Shutting down and abandoning module OnlineBlueprintSupport (48)
[2018.02.02-19.14.58:872][267]LogModuleManager: Shutting down and abandoning module OnlineSubsystem (44)
[2018.02.02-19.14.58:894][267]LogModuleManager: Shutting down and abandoning module XMPP (43)
[2018.02.02-19.14.58:922][267]LogModuleManager: Shutting down and abandoning module HTTP (41)
[2018.02.02-19.14.59:070][267]LogModuleManager: Shutting down and abandoning module SSL (40)
[2018.02.02-19.14.59:094][267]LogModuleManager: Shutting down and abandoning module AnimationModifiers (36)
[2018.02.02-19.14.59:104][267]LogModuleManager: Shutting down and abandoning module PropertyEditor (35)
[2018.02.02-19.14.59:165][267]LogModuleManager: Shutting down and abandoning module AudioEditor (32)
[2018.02.02-19.14.59:183][267]LogModuleManager: Shutting down and abandoning module TextureCompressor (30)
[2018.02.02-19.14.59:217][267]LogModuleManager: Shutting down and abandoning module ShaderCore (28)
[2018.02.02-19.14.59:217][267]LogModuleManager: Shutting down and abandoning module Landscape (26)
[2018.02.02-19.14.59:217][267]LogModuleManager: Shutting down and abandoning module SlateRHIRenderer (24)
[2018.02.02-19.14.59:246][267]LogModuleManager: Shutting down and abandoning module OpenGLDrv (22)
[2018.02.02-19.14.59:266][267]LogModuleManager: Shutting down and abandoning module D3D11RHI (20)
[2018.02.02-19.14.59:266][267]LogModuleManager: Shutting down and abandoning module AnimGraphRuntime (18)
[2018.02.02-19.14.59:281][267]LogModuleManager: Shutting down and abandoning module Renderer (16)
[2018.02.02-19.14.59:282][267]LogModuleManager: Shutting down and abandoning module Engine (14)
[2018.02.02-19.14.59:282][267]LogModuleManager: Shutting down and abandoning module CoreUObject (12)
[2018.02.02-19.14.59:282][267]LogModuleManager: Shutting down and abandoning module NetworkFile (10)
[2018.02.02-19.14.59:295][267]LogModuleManager: Shutting down and abandoning module CookedIterativeFile (8)
[2018.02.02-19.14.59:295][267]LogModuleManager: Shutting down and abandoning module StreamingFile (6)
[2018.02.02-19.14.59:303][267]LogModuleManager: Shutting down and abandoning module SandboxFile (4)
[2018.02.02-19.14.59:303][267]LogModuleManager: Shutting down and abandoning module PakFile (2)
[2018.02.02-19.14.59:362][267]LogExit: Exiting.
[2018.02.02-19.14.59:366][267]Log file closed, 02/02/18 21:14:59
