Log file open, 02/02/18 18:06:47
LogWindows: Failed to load 'aqProf.dll' (GetLastError=126)
LogWindows: File 'aqProf.dll' does not exist
LogWindows: Failed to load 'VSPerf140.dll' (GetLastError=126)
LogWindows: File 'VSPerf140.dll' does not exist
LogWindows: Failed to load 'VtuneApi.dll' (GetLastError=126)
LogWindows: File 'VtuneApi.dll' does not exist
LogWindows: Failed to load 'VtuneApi32e.dll' (GetLastError=126)
LogWindows: File 'VtuneApi32e.dll' does not exist
LogInit: Display: Running engine for game: Prototype_2
LogPlatformFile: Not using cached read wrapper
LogInit: Display: RandInit(-363081341) SRandInit(-363081341).
LogInit: Read version file with build ID '3709383'
LogInit: Overriding engine version to CL 3832480, compatible CL 3709383
LogInit: Registered custom module enumerator with build ID '3709383'
LogTaskGraph: Started task graph with 5 named threads and 8 total threads with 3 sets of task threads.
LogStats: Stats thread started at 3.310983
LogD3D11RHI: Aftermath initialized
LogModuleManager: Display: Found up-to-date module file ../../../Engine/Plugins/2D/Paper2D/Binaries/Win64/UE4Editor-Paper2D.dll (API version 3709383).
LogModuleManager: Display: Found up-to-date module file ../../../Engine/Plugins/2D/Paper2D/Binaries/Win64/UE4Editor-Paper2DEditor.dll (API version 3709383).
LogModuleManager: Display: Found up-to-date module file ../../../Engine/Plugins/2D/Paper2D/Binaries/Win64/UE4Editor-PaperSpriteSheetImporter.dll (API version 3709383).
LogModuleManager: Display: Found up-to-date module file ../../../Engine/Plugins/2D/Paper2D/Binaries/Win64/UE4Editor-PaperTiledImporter.dll (API version 3709383).
LogModuleManager: Display: Found up-to-date module file ../../../Engine/Plugins/2D/Paper2D/Binaries/Win64/UE4Editor-SmartSnapping.dll (API version 3709383).
LogModuleManager: Display: Found up-to-date module file ../../../Engine/Plugins/Blendables/LightPropagationVolume/Binaries/Win64/UE4Editor-LightPropagationVolumeRuntime.dll (API version 3709383).
LogModuleManager: Display: Found up-to-date module file ../../../Engine/Plugins/Blendables/LightPropagationVolume/Binaries/Win64/UE4Editor-LightPropagationVolumeEditor.dll (API version 3709383).
LogModuleManager: Display: Found up-to-date module file ../../../Engine/Plugins/Developer/GitSourceControl/Binaries/Win64/UE4Editor-GitSourceControl.dll (API version 3709383).
LogModuleManager: Display: Found up-to-date module file ../../../Engine/Plugins/Developer/PerforceSourceControl/Binaries/Win64/UE4Editor-PerforceSourceControl.dll (API version 3709383).
LogModuleManager: Display: Found up-to-date module file ../../../Engine/Plugins/Developer/SubversionSourceControl/Binaries/Win64/UE4Editor-SubversionSourceControl.dll (API version 3709383).
LogModuleManager: Display: Found up-to-date module file ../../../Engine/Plugins/Developer/UObjectPlugin/Binaries/Win64/UE4Editor-UObjectPlugin.dll (API version 3709383).
LogModuleManager: Display: Found up-to-date module file ../../../Engine/Plugins/Developer/VisualStudioCodeSourceCodeAccess/Binaries/Win64/UE4Editor-VisualStudioCodeSourceCodeAccess.dll (API version 3709383).
LogModuleManager: Display: Found up-to-date module file ../../../Engine/Plugins/Developer/VisualStudioSourceCodeAccess/Binaries/Win64/UE4Editor-VisualStudioSourceCodeAccess.dll (API version 3709383).
LogModuleManager: Display: Found up-to-date module file ../../../Engine/Plugins/Editor/AssetManagerEditor/Binaries/Win64/UE4Editor-AssetManagerEditor.dll (API version 3709383).
LogModuleManager: Display: Found up-to-date module file ../../../Engine/Plugins/Editor/AudioCapture/Binaries/Win64/UE4Editor-AudioCapture.dll (API version 3709383).
LogModuleManager: Display: Found up-to-date module file ../../../Engine/Plugins/Editor/FacialAnimation/Binaries/Win64/UE4Editor-FacialAnimation.dll (API version 3709383).
LogModuleManager: Display: Found up-to-date module file ../../../Engine/Plugins/Editor/FacialAnimation/Binaries/Win64/UE4Editor-FacialAnimationEditor.dll (API version 3709383).
LogModuleManager: Display: Found up-to-date module file ../../../Engine/Plugins/Editor/GameplayTagsEditor/Binaries/Win64/UE4Editor-GameplayTagsEditor.dll (API version 3709383).
LogModuleManager: Display: Found up-to-date module file ../../../Engine/Plugins/Editor/MobileLauncherProfileWizard/Binaries/Win64/UE4Editor-MobileLauncherProfileWizard.dll (API version 3709383).
LogModuleManager: Display: Found up-to-date module file ../../../Engine/Plugins/Editor/PluginBrowser/Binaries/Win64/UE4Editor-PluginBrowser.dll (API version 3709383).
LogModuleManager: Display: Found up-to-date module file ../../../Engine/Plugins/Editor/SpeedTreeImporter/Binaries/Win64/UE4Editor-SpeedTreeImporter.dll (API version 3709383).
LogModuleManager: Display: Found up-to-date module file ../../../Engine/Plugins/Experimental/AlembicImporter/Binaries/Win64/UE4Editor-AlembicImporter.dll (API version 3709383).
LogModuleManager: Display: Found up-to-date module file ../../../Engine/Plugins/Experimental/AlembicImporter/Binaries/Win64/UE4Editor-AlembicLibrary.dll (API version 3709383).
LogModuleManager: Display: Found up-to-date module file ../../../Engine/Plugins/Experimental/CharacterAI/Binaries/Win64/UE4Editor-CharacterAI.dll (API version 3709383).
LogModuleManager: Display: Found up-to-date module file ../../../Engine/Plugins/Experimental/HTML5Networking/Binaries/Win64/UE4Editor-HTML5Networking.dll (API version 3709383).
LogModuleManager: Display: Found up-to-date module file ../../../Engine/Plugins/Media/AndroidMedia/Binaries/Win64/UE4Editor-AndroidMediaEditor.dll (API version 3709383).
LogModuleManager: Display: Found up-to-date module file ../../../Engine/Plugins/Media/AndroidMedia/Binaries/Win64/UE4Editor-AndroidMediaFactory.dll (API version 3709383).
LogModuleManager: Display: Found up-to-date module file ../../../Engine/Plugins/Media/AvfMedia/Binaries/Win64/UE4Editor-AvfMediaEditor.dll (API version 3709383).
LogModuleManager: Display: Found up-to-date module file ../../../Engine/Plugins/Media/AvfMedia/Binaries/Win64/UE4Editor-AvfMediaFactory.dll (API version 3709383).
LogModuleManager: Display: Found up-to-date module file ../../../Engine/Plugins/Media/AvfMedia/Binaries/Win64/UE4Editor-AvfMediaFactory.dll (API version 3709383).
LogModuleManager: Display: Found up-to-date module file ../../../Engine/Plugins/Media/ImgMedia/Binaries/Win64/UE4Editor-ImgMedia.dll (API version 3709383).
LogModuleManager: Display: Found up-to-date module file ../../../Engine/Plugins/Media/ImgMedia/Binaries/Win64/UE4Editor-ImgMediaEditor.dll (API version 3709383).
LogModuleManager: Display: Found up-to-date module file ../../../Engine/Plugins/Media/ImgMedia/Binaries/Win64/UE4Editor-ImgMediaFactory.dll (API version 3709383).
LogModuleManager: Display: Found up-to-date module file ../../../Engine/Plugins/Media/ImgMedia/Binaries/Win64/UE4Editor-ImgMediaFactory.dll (API version 3709383).
LogModuleManager: Display: Found up-to-date module file ../../../Engine/Plugins/Media/ImgMedia/Binaries/Win64/UE4Editor-OpenExrWrapper.dll (API version 3709383).
LogModuleManager: Display: Found up-to-date module file ../../../Engine/Plugins/Media/MediaCompositing/Binaries/Win64/UE4Editor-MediaCompositing.dll (API version 3709383).
LogModuleManager: Display: Found up-to-date module file ../../../Engine/Plugins/Media/MediaCompositing/Binaries/Win64/UE4Editor-MediaCompositingEditor.dll (API version 3709383).
LogModuleManager: Display: Found up-to-date module file ../../../Engine/Plugins/Media/MediaPlayerEditor/Binaries/Win64/UE4Editor-MediaPlayerEditor.dll (API version 3709383).
LogModuleManager: Display: Found up-to-date module file ../../../Engine/Plugins/Media/WmfMedia/Binaries/Win64/UE4Editor-WmfMedia.dll (API version 3709383).
LogModuleManager: Display: Found up-to-date module file ../../../Engine/Plugins/Media/WmfMedia/Binaries/Win64/UE4Editor-WmfMediaEditor.dll (API version 3709383).
LogModuleManager: Display: Found up-to-date module file ../../../Engine/Plugins/Media/WmfMedia/Binaries/Win64/UE4Editor-WmfMediaFactory.dll (API version 3709383).
LogModuleManager: Display: Found up-to-date module file ../../../Engine/Plugins/Media/WmfMedia/Binaries/Win64/UE4Editor-WmfMediaFactory.dll (API version 3709383).
LogModuleManager: Display: Found up-to-date module file ../../../Engine/Plugins/Messaging/TcpMessaging/Binaries/Win64/UE4Editor-TcpMessaging.dll (API version 3709383).
LogModuleManager: Display: Found up-to-date module file ../../../Engine/Plugins/Messaging/UdpMessaging/Binaries/Win64/UE4Editor-UdpMessaging.dll (API version 3709383).
LogModuleManager: Display: Found up-to-date module file ../../../Engine/Plugins/MovieScene/ActorSequence/Binaries/Win64/UE4Editor-ActorSequence.dll (API version 3709383).
LogModuleManager: Display: Found up-to-date module file ../../../Engine/Plugins/MovieScene/LevelSequenceEditor/Binaries/Win64/UE4Editor-LevelSequenceEditor.dll (API version 3709383).
LogModuleManager: Display: Found up-to-date module file ../../../Engine/Plugins/MovieScene/MatineeToLevelSequence/Binaries/Win64/UE4Editor-MatineeToLevelSequence.dll (API version 3709383).
LogModuleManager: Display: Found up-to-date module file ../../../Engine/Plugins/Online/OnlineSubsystem/Binaries/Win64/UE4Editor-OnlineSubsystem.dll (API version 3709383).
LogModuleManager: Display: Found up-to-date module file ../../../Engine/Plugins/Runtime/AndroidPermission/Binaries/Win64/UE4Editor-AndroidPermission.dll (API version 3709383).
LogModuleManager: Display: Found up-to-date module file ../../../Engine/Plugins/Online/OnlineSubsystemNull/Binaries/Win64/UE4Editor-OnlineSubsystemNull.dll (API version 3709383).
LogModuleManager: Display: Found up-to-date module file ../../../Engine/Plugins/Online/OnlineSubsystemUtils/Binaries/Win64/UE4Editor-OnlineSubsystemUtils.dll (API version 3709383).
LogModuleManager: Display: Found up-to-date module file ../../../Engine/Plugins/Online/OnlineSubsystemUtils/Binaries/Win64/UE4Editor-OnlineBlueprintSupport.dll (API version 3709383).
LogModuleManager: Display: Found up-to-date module file ../../../Engine/Plugins/Runtime/AndroidDeviceProfileSelector/Binaries/Win64/UE4Editor-AndroidDeviceProfileSelector.dll (API version 3709383).
LogModuleManager: Display: Found up-to-date module file ../../../Engine/Plugins/Runtime/AppleARKit/Binaries/Win64/UE4Editor-AppleARKit.dll (API version 3709383).
LogModuleManager: Display: Found up-to-date module file ../../../Engine/Plugins/Runtime/ArchVisCharacter/Binaries/Win64/UE4Editor-ArchVisCharacter.dll (API version 3709383).
LogModuleManager: Display: Found up-to-date module file ../../../Engine/Plugins/Runtime/CableComponent/Binaries/Win64/UE4Editor-CableComponent.dll (API version 3709383).
LogModuleManager: Display: Found up-to-date module file ../../../Engine/Plugins/Runtime/CustomMeshComponent/Binaries/Win64/UE4Editor-CustomMeshComponent.dll (API version 3709383).
LogModuleManager: Display: Found up-to-date module file ../../../Engine/Plugins/Runtime/ExampleDeviceProfileSelector/Binaries/Win64/UE4Editor-ExampleDeviceProfileSelector.dll (API version 3709383).
LogModuleManager: Display: Found up-to-date module file ../../../Engine/Plugins/Runtime/ImmediatePhysics/Binaries/Win64/UE4Editor-ImmediatePhysics.dll (API version 3709383).
LogModuleManager: Display: Found up-to-date module file ../../../Engine/Plugins/Runtime/ImmediatePhysics/Binaries/Win64/UE4Editor-ImmediatePhysicsEditor.dll (API version 3709383).
LogModuleManager: Display: Found up-to-date module file ../../../Engine/Plugins/Runtime/LocationServicesBPLibrary/Binaries/Win64/UE4Editor-LocationServicesBPLibrary.dll (API version 3709383).
LogModuleManager: Display: Found up-to-date module file ../../../Engine/Plugins/Runtime/MobilePatchingUtils/Binaries/Win64/UE4Editor-MobilePatchingUtils.dll (API version 3709383).
LogModuleManager: Display: Found up-to-date module file ../../../Engine/Plugins/Runtime/Oculus/OculusVR/Binaries/Win64/UE4Editor-OculusHMD.dll (API version 3709383).
LogModuleManager: Display: Found up-to-date module file ../../../Engine/Plugins/Runtime/Oculus/OculusVR/Binaries/Win64/UE4Editor-OculusInput.dll (API version 3709383).
LogModuleManager: Display: Found up-to-date module file ../../../Engine/Plugins/Runtime/Oculus/OculusVR/Binaries/Win64/UE4Editor-OculusEditor.dll (API version 3709383).
LogModuleManager: Display: Found up-to-date module file ../../../Engine/Plugins/Runtime/PhysXVehicles/Binaries/Win64/UE4Editor-PhysXVehicles.dll (API version 3709383).
LogModuleManager: Display: Found up-to-date module file ../../../Engine/Plugins/Runtime/PhysXVehicles/Binaries/Win64/UE4Editor-PhysXVehiclesEditor.dll (API version 3709383).
LogModuleManager: Display: Found up-to-date module file ../../../Engine/Plugins/Runtime/ProceduralMeshComponent/Binaries/Win64/UE4Editor-ProceduralMeshComponent.dll (API version 3709383).
LogModuleManager: Display: Found up-to-date module file ../../../Engine/Plugins/Runtime/ProceduralMeshComponent/Binaries/Win64/UE4Editor-ProceduralMeshComponentEditor.dll (API version 3709383).
LogModuleManager: Display: Found up-to-date module file ../../../Engine/Plugins/Runtime/RuntimePhysXCooking/Binaries/Win64/UE4Editor-RuntimePhysXCooking.dll (API version 3709383).
LogModuleManager: Display: Found up-to-date module file ../../../Engine/Plugins/Runtime/Steam/SteamVR/Binaries/Win64/UE4Editor-SteamVR.dll (API version 3709383).
LogModuleManager: Display: Found up-to-date module file ../../../Engine/Plugins/Runtime/Steam/SteamVR/Binaries/Win64/UE4Editor-SteamVRController.dll (API version 3709383).
LogModuleManager: Display: Found up-to-date module file ../../../Engine/Plugins/Runtime/WindowsMoviePlayer/Binaries/Win64/UE4Editor-WindowsMoviePlayer.dll (API version 3709383).
LogPluginManager: Mounting plugin Paper2D
LogPluginManager: Mounting plugin LightPropagationVolume
LogPluginManager: Mounting plugin CodeLiteSourceCodeAccess
LogPluginManager: Mounting plugin GitSourceControl
LogPluginManager: Mounting plugin KDevelopSourceCodeAccess
LogPluginManager: Mounting plugin NullSourceCodeAccess
LogPluginManager: Mounting plugin PerforceSourceControl
LogPluginManager: Mounting plugin SubversionSourceControl
LogPluginManager: Mounting plugin UObjectPlugin
LogPluginManager: Mounting plugin VisualStudioCodeSourceCodeAccess
LogPluginManager: Mounting plugin VisualStudioSourceCodeAccess
LogPluginManager: Mounting plugin XCodeSourceCodeAccess
LogPluginManager: Mounting plugin AssetManagerEditor
LogPluginManager: Mounting plugin AudioCapture
LogPluginManager: Mounting plugin FacialAnimation
LogPluginManager: Mounting plugin GameplayTagsEditor
LogPluginManager: Mounting plugin MobileLauncherProfileWizard
LogPluginManager: Mounting plugin PluginBrowser
LogPluginManager: Mounting plugin SpeedTreeImporter
LogPluginManager: Mounting plugin AlembicImporter
LogPluginManager: Mounting plugin CharacterAI
LogPluginManager: Mounting plugin HTML5Networking
LogPluginManager: Mounting plugin AndroidMedia
LogPluginManager: Mounting plugin AvfMedia
LogPluginManager: Mounting plugin ImgMedia
LogPluginManager: Mounting plugin MediaCompositing
LogPluginManager: Mounting plugin MediaPlayerEditor
LogPluginManager: Mounting plugin WmfMedia
LogPluginManager: Mounting plugin TcpMessaging
LogPluginManager: Mounting plugin UdpMessaging
LogPluginManager: Mounting plugin ActorSequence
LogPluginManager: Mounting plugin LevelSequenceEditor
LogPluginManager: Mounting plugin MatineeToLevelSequence
LogPluginManager: Mounting plugin OnlineSubsystemGooglePlay
LogPluginManager: Mounting plugin OnlineSubsystemIOS
LogPluginManager: Mounting plugin OnlineSubsystem
LogPluginManager: Mounting plugin OnlineSubsystemNull
LogPluginManager: Mounting plugin OnlineSubsystemUtils
LogPluginManager: Mounting plugin AndroidDeviceProfileSelector
LogPluginManager: Mounting plugin AndroidMoviePlayer
LogPluginManager: Mounting plugin AndroidPermission
LogPluginManager: Mounting plugin AppleARKit
LogPluginManager: Mounting plugin AppleMoviePlayer
LogPluginManager: Mounting plugin ArchVisCharacter
LogPluginManager: Mounting plugin CableComponent
LogPluginManager: Mounting plugin CustomMeshComponent
LogPluginManager: Mounting plugin ExampleDeviceProfileSelector
LogPluginManager: Mounting plugin GoogleCloudMessaging
LogPluginManager: Mounting plugin ImmediatePhysics
LogPluginManager: Mounting plugin IOSDeviceProfileSelector
LogPluginManager: Mounting plugin LinuxDeviceProfileSelector
LogPluginManager: Mounting plugin LocationServicesBPLibrary
LogPluginManager: Mounting plugin MobilePatchingUtils
LogPluginManager: Mounting plugin OculusVR
LogPluginManager: Plugin shader directory ../../../Engine/Plugins/Runtime/Oculus/OculusVR/Shaders found
LogPluginManager: Mapping shader source directory ../../../Engine/Plugins/Runtime/Oculus/OculusVR/Shaders to virtual directory /Plugin/OculusVR
LogPluginManager: Mounting plugin PhysXVehicles
LogPluginManager: Mounting plugin ProceduralMeshComponent
LogPluginManager: Mounting plugin RuntimePhysXCooking
LogPluginManager: Mounting plugin SteamVR
LogPluginManager: Mounting plugin WindowsMoviePlayer
LogInit: Using libcurl 7.47.1
LogInit:  - built for x86_64-pc-win32
LogInit:  - supports SSL with OpenSSL/1.0.2g
LogInit:  - supports HTTP deflate (compression) using libz 1.2.8
LogInit:  - other features:
LogInit:      CURL_VERSION_SSL
LogInit:      CURL_VERSION_LIBZ
LogInit:      CURL_VERSION_IPV6
LogInit:      CURL_VERSION_ASYNCHDNS
LogInit:      CURL_VERSION_LARGEFILE
LogInit:      CURL_VERSION_IDN
LogInit:  CurlRequestOptions (configurable via config and command line):
LogInit:  - bVerifyPeer = false  - Libcurl will NOT verify peer certificate
LogInit:  - bUseHttpProxy = false  - Libcurl will NOT use HTTP proxy
LogInit:  - bDontReuseConnections = false  - Libcurl will reuse connections
LogInit:  - CertBundlePath = nullptr  - Libcurl will use whatever was configured at build time.
LogInit: Build: ++UE4+Release-4.18-CL-3832480
LogInit: Engine Version: 4.18.3-3832480+++UE4+Release-4.18
LogInit: Compatible Engine Version: 4.18.0-3709383+++UE4+Release-4.18
LogInit: Net CL: 3709383
LogDevObjectVersion: Number of dev versions registered: 16
LogDevObjectVersion:   Dev-Blueprints (B0D832E4-1F89-4F0D-ACCF-7EB736FD4AA2): 10
LogDevObjectVersion:   Dev-Build (E1C64328-A22C-4D53-A36C-8E866417BD8C): 0
LogDevObjectVersion:   Dev-Core (375EC13C-06E4-48FB-B500-84F0262A717E): 2
LogDevObjectVersion:   Dev-Editor (E4B068ED-F494-42E9-A231-DA0B2E46BB41): 20
LogDevObjectVersion:   Dev-Framework (CFFC743F-43B0-4480-9391-14DF171D2073): 30
LogDevObjectVersion:   Dev-Mobile (B02B49B5-BB20-44E9-A304-32B752E40360): 0
LogDevObjectVersion:   Dev-Networking (A4E4105C-59A1-49B5-A7C5-40C4547EDFEE): 0
LogDevObjectVersion:   Dev-Online (39C831C9-5AE6-47DC-9A44-9C173E1C8E7C): 0
LogDevObjectVersion:   Dev-Physics (78F01B33-EBEA-4F98-B9B4-84EACCB95AA2): 0
LogDevObjectVersion:   Dev-Platform (6631380F-2D4D-43E0-8009-CF276956A95A): 0
LogDevObjectVersion:   Dev-Rendering (12F88B9F-8875-4AFC-A67C-D90C383ABD29): 20
LogDevObjectVersion:   Dev-Sequencer (7B5AE74C-D270-4C10-A958-57980B212A5A): 4
LogDevObjectVersion:   Dev-VR (D7296918-1DD6-4BDD-9DE2-64A83CC13884): 0
LogDevObjectVersion:   Dev-LoadTimes (C2A15278-BFE7-4AFE-6C17-90FF531DF755): 1
LogDevObjectVersion:   Private-Geometry (6EACA3D4-40EC-4CC1-B786-8BED09428FC5): 1
LogDevObjectVersion:   Dev-AnimPhys (29E575DD-E0A3-4627-9D10-D276232CDCEA): 12
LogInit: Compiled (64-bit): Jan 12 2018 02:04:55
LogInit: Compiled with Visual C++: 19.00.24215.01
LogInit: Build Configuration: Development
LogInit: Branch Name: ++UE4+Release-4.18
LogInit: Command line:  
LogInit: Base directory: E:/Programs/UE_4.18/Engine/Binaries/Win64/
LogInit: Installed Engine Build: 1
LogInit: Presizing for max 8388607 objects, including 0 objects not considered by GC, pre-allocating 0 bytes for permanent pool.
LogInit: Object subsystem initialized
[2018.02.02-16.06.54:654][  0]LogInit: Selected Device Profile: [Windows]
[2018.02.02-16.06.54:654][  0]LogInit: Applying CVar settings loaded from the selected device profile: [Windows]
[2018.02.02-16.06.54:726][  0]LogInit: Computer: DESKTOP-657S59M
[2018.02.02-16.06.54:726][  0]LogInit: User: gabit
[2018.02.02-16.06.54:726][  0]LogInit: CPU Page size=4096, Cores=2
[2018.02.02-16.06.54:726][  0]LogInit: High frequency timer resolution =2.533196 MHz
[2018.02.02-16.06.54:726][  0]LogMemory: Memory total: Physical=3.9GB (4GB approx)
[2018.02.02-16.06.54:726][  0]LogMemory: Platform Memory Stats for Windows
[2018.02.02-16.06.54:726][  0]LogMemory: Process Physical Memory: 272.21 MB used, 272.21 MB peak
[2018.02.02-16.06.54:726][  0]LogMemory: Process Virtual Memory: 269.41 MB used, 269.41 MB peak
[2018.02.02-16.06.54:726][  0]LogMemory: Physical Memory: 3132.73 MB used,  846.66 MB free, 3979.39 MB total
[2018.02.02-16.06.54:726][  0]LogMemory: Virtual Memory: 640.11 MB used,  846.66 MB free, 134217728.00 MB total
[2018.02.02-16.06.57:220][  0]LogInit: Using OS detected language (en-US).
[2018.02.02-16.06.57:220][  0]LogInit: Using OS detected locale (en-US).
[2018.02.02-16.06.57:434][  0]LogTextLocalizationManager: No specific localization for 'en-US' exists, so the 'en' localization will be used.
[2018.02.02-16.06.58:267][  0]LogInit: Setting process to per monitor DPI aware
[2018.02.02-16.07.07:711][  0]LogD3D11RHI: D3D11 adapters:
[2018.02.02-16.07.07:783][  0]LogD3D11RHI:    0. 'NVIDIA GeForce 820M' (Feature Level 11_0)
[2018.02.02-16.07.07:783][  0]LogD3D11RHI:       969/0/1989 MB DedicatedVideo/DedicatedSystem/SharedSystem, Outputs:1, VendorId:0x10de
[2018.02.02-16.07.07:791][  0]LogD3D11RHI:    1. 'Intel(R) HD Graphics Family' (Feature Level 11_0)
[2018.02.02-16.07.07:791][  0]LogD3D11RHI:       112/0/1989 MB DedicatedVideo/DedicatedSystem/SharedSystem, Outputs:0, VendorId:0x8086
[2018.02.02-16.07.07:792][  0]LogD3D11RHI:    2. 'Microsoft Basic Render Driver' (Feature Level 11_0)
[2018.02.02-16.07.07:792][  0]LogD3D11RHI:       0/0/1989 MB DedicatedVideo/DedicatedSystem/SharedSystem, Outputs:0, VendorId:0x1414
[2018.02.02-16.07.07:792][  0]LogD3D11RHI: Chosen D3D11 Adapter: 0
[2018.02.02-16.07.07:798][  0]LogD3D11RHI: Creating new Direct3DDevice
[2018.02.02-16.07.07:798][  0]LogD3D11RHI:     GPU DeviceId: 0x1140 (for the marketing name, search the web for "GPU Device Id")
[2018.02.02-16.07.07:798][  0]LogWindows: EnumDisplayDevices:
[2018.02.02-16.07.07:798][  0]LogWindows:    0. 'Intel(R) HD Graphics Family' (P:1 D:1)
[2018.02.02-16.07.07:798][  0]LogWindows:    1. 'Intel(R) HD Graphics Family' (P:0 D:0)
[2018.02.02-16.07.07:799][  0]LogWindows:    2. 'Intel(R) HD Graphics Family' (P:0 D:0)
[2018.02.02-16.07.07:799][  0]LogWindows: DebugString: PrimaryIsNotTheChoosenAdapter PrimaryIsNotTheChoosenAdapter PrimaryIsNotTheChoosenAdapter FoundDriverCount:0 
[2018.02.02-16.07.07:799][  0]LogD3D11RHI:     Adapter Name: NVIDIA GeForce 820M
[2018.02.02-16.07.07:799][  0]LogD3D11RHI:   Driver Version: Unknown (internal:Unknown, unified:Unknown)
[2018.02.02-16.07.07:799][  0]LogD3D11RHI:      Driver Date: Unknown
[2018.02.02-16.07.07:799][  0]LogRHI: Texture pool is 678 MB (70% of 969 MB)
[2018.02.02-16.07.07:865][  0]LogD3D11RHI: Display: Timestamp queries are currently disabled on this hardware due to instability. Realtime GPU stats will not be available. You can override this behaviour by setting r.NVIDIATimestampWorkaround to 0
[2018.02.02-16.07.07:866][  0]LogD3D11RHI: Async texture creation enabled
[2018.02.02-16.07.08:079][  0]LogD3D11RHI: GPU Timing Frequency: 1000.000000 (Debug: 2 2)
[2018.02.02-16.07.08:146][  0]LogShaderCompilers: Guid format shader working directory is -3 characters bigger than the processId version (../../../../../Projects/Unreal Engine/Prototype_2/Intermediate/Shaders/WorkingDirectory/7432/).
[2018.02.02-16.07.08:147][  0]LogShaderCompilers: Cleaned the shader compiler working directory 'C:/Users/gabit/AppData/Local/Temp/UnrealShaderWorkingDir/069FA9BF4520E5B3144AA2A47975E072/'.
[2018.02.02-16.07.08:147][  0]LogShaderCompilers: Display: Using Local Shader Compiler.
[2018.02.02-16.07.26:019][  0]LogTemp: Display: Loaded TP AllDesktopTargetPlatform
[2018.02.02-16.07.26:073][  0]LogTemp: Display: Loaded TP MacClientTargetPlatform
[2018.02.02-16.07.26:124][  0]LogTemp: Display: Loaded TP MacNoEditorTargetPlatform
[2018.02.02-16.07.26:179][  0]LogTemp: Display: Loaded TP MacServerTargetPlatform
[2018.02.02-16.07.26:340][  0]LogTemp: Display: Loaded TP MacTargetPlatform
[2018.02.02-16.07.26:395][  0]LogTemp: Display: Loaded TP WindowsClientTargetPlatform
[2018.02.02-16.07.26:454][  0]LogTemp: Display: Loaded TP WindowsNoEditorTargetPlatform
[2018.02.02-16.07.26:508][  0]LogTemp: Display: Loaded TP WindowsServerTargetPlatform
[2018.02.02-16.07.26:550][  0]LogTemp: Display: Loaded TP WindowsTargetPlatform
[2018.02.02-16.07.26:605][  0]LogTemp: Display: Loaded TP Android_ASTCTargetPlatform
[2018.02.02-16.07.26:657][  0]LogTemp: Display: Loaded TP Android_ATCTargetPlatform
[2018.02.02-16.07.26:712][  0]LogTemp: Display: Loaded TP Android_DXTTargetPlatform
[2018.02.02-16.07.26:764][  0]LogTemp: Display: Loaded TP Android_ETC1TargetPlatform
[2018.02.02-16.07.26:818][  0]LogTemp: Display: Loaded TP Android_ETC2TargetPlatform
[2018.02.02-16.07.26:920][  0]LogTemp: Display: Loaded TP Android_MultiTargetPlatform
[2018.02.02-16.07.26:920][  0]LogTemp: Display: Loaded TP Android_PVRTCTargetPlatform
[2018.02.02-16.07.27:009][  0]LogTemp: Display: Loaded TP AndroidTargetPlatform
[2018.02.02-16.07.27:046][  0]LogTemp: Display: Loaded TP HTML5TargetPlatform
[2018.02.02-16.07.27:276][  0]LogTemp: Display: Loaded TP IOSTargetPlatform
[2018.02.02-16.07.27:324][  0]LogTemp: Display: Loaded TP TVOSTargetPlatform
[2018.02.02-16.07.27:384][  0]LogTemp: Display: Loaded TP LinuxClientTargetPlatform
[2018.02.02-16.07.27:437][  0]LogTemp: Display: Loaded TP LinuxNoEditorTargetPlatform
[2018.02.02-16.07.27:490][  0]LogTemp: Display: Loaded TP LinuxServerTargetPlatform
[2018.02.02-16.07.27:556][  0]LogTemp: Display: Loaded TP LinuxTargetPlatform
[2018.02.02-16.07.27:556][  0]LogTargetPlatformManager: Display: Building Assets For Windows
[2018.02.02-16.07.30:575][  0]LogDerivedDataCache: Display: Max Cache Size: 512 MB
[2018.02.02-16.07.31:649][  0]LogDerivedDataCache: Loaded boot cache 1.07s 78MB C:/Users/gabit/AppData/Local/UnrealEngine/4.18/DerivedDataCache/Boot.ddc.
[2018.02.02-16.07.31:650][  0]LogDerivedDataCache: Display: Loaded Boot cache: C:/Users/gabit/AppData/Local/UnrealEngine/4.18/DerivedDataCache/Boot.ddc
[2018.02.02-16.07.31:650][  0]LogDerivedDataCache: FDerivedDataBackendGraph:  Pak pak cache file ../../../../../Projects/Unreal Engine/Prototype_2/DerivedDataCache/DDC.ddp not found, will not use a pak cache.
[2018.02.02-16.07.31:650][  0]LogDerivedDataCache: Unable to find inner node Pak for hierarchical cache Hierarchy.
[2018.02.02-16.07.31:650][  0]LogDerivedDataCache: FDerivedDataBackendGraph:  CompressedPak pak cache file ../../../../../Projects/Unreal Engine/Prototype_2/DerivedDataCache/Compressed.ddp not found, will not use a pak cache.
[2018.02.02-16.07.31:650][  0]LogDerivedDataCache: Unable to find inner node CompressedPak for hierarchical cache Hierarchy.
[2018.02.02-16.07.31:794][  0]LogDerivedDataCache: Display: Pak cache opened for reading ../../../Engine/DerivedDataCache/Compressed.ddp.
[2018.02.02-16.07.31:808][  0]LogDerivedDataCache: Using Local data cache path C:/Users/gabit/AppData/Local/UnrealEngine/Common/DerivedDataCache: Writable
[2018.02.02-16.07.31:838][  0]LogMaterial: Verifying Global Shaders for PCD3D_SM5
[2018.02.02-16.07.31:863][  0]LogSlate: Using Freetype 2.6.0
[2018.02.02-16.07.31:939][  0]LogSlate: SlateFontCache - WITH_FREETYPE: 1, WITH_HARFBUZZ: 1
[2018.02.02-16.07.31:939][  0]LogSlate: SlateFontCache - WITH_FREETYPE: 1, WITH_HARFBUZZ: 1
[2018.02.02-16.07.54:295][  0]LogInit: Selected Device Profile: [Windows]
[2018.02.02-16.07.57:300][  0]LogSimplygon: Simplygon DLL not present - disabling.
[2018.02.02-16.07.57:607][  0]LogMeshReduction: Using SimplygonSwarm for distributed automatic mesh merging
[2018.02.02-16.07.57:630][  0]LogMeshReduction: Using QuadricMeshReduction for automatic static mesh reduction
[2018.02.02-16.07.57:630][  0]LogMeshReduction: No automatic skeletal mesh reduction module available
[2018.02.02-16.07.57:630][  0]LogMeshReduction: No automatic mesh merging module available
[2018.02.02-16.07.57:630][  0]LogMeshMerging: No automatic mesh merging module available
[2018.02.02-16.07.57:943][  0]LogNetVersion: Prototype_2 , NetCL: 3709383, EngineNetVer: 2, GameNetVer: 0 (Checksum: 2651596170)
[2018.02.02-16.08.00:095][  0]LogAssetRegistry: FAssetRegistry took 0.0405 seconds to start up
[2018.02.02-16.08.06:399][  0]LogPackageLocalizationCache: Processed 7 localized package path(s) for 2 prioritized culture(s) in 0.206332 seconds
[2018.02.02-16.08.06:425][  0]LogUObjectArray: 35870 objects as part of root set at end of initial load.
[2018.02.02-16.08.06:425][  0]LogUObjectAllocator: 7363704 out of 0 bytes used by permanent object pool.
[2018.02.02-16.08.06:425][  0]LogUObjectArray: CloseDisregardForGC: 0/0 objects in disregard for GC pool
[2018.02.02-16.08.06:555][  0]LogInit: WinSock: version 1.1 (2.2), MaxSocks=32767, MaxUdp=65467
[2018.02.02-16.08.42:988][  0]LogTcpMessaging: Initializing TcpMessaging bridge
[2018.02.02-16.08.43:064][  0]LogUdpMessaging: Initializing bridge on interface 0.0.0.0:0 to multicast group 230.0.0.1:6666.
[2018.02.02-16.08.45:366][  0]LogMaterial: Uniform references updated for custom material expression Custom.
[2018.02.02-16.08.46:888][  0]SourceControl: Source control is disabled
[2018.02.02-16.08.52:583][  0]LogAndroidPermission: UAndroidPermissionCallbackProxy::GetInstance
[2018.02.02-16.08.53:121][  0]LogOcInput: OculusInput pre-init called
[2018.02.02-16.08.53:828][  0]LogEngine: Initializing Engine...
[2018.02.02-16.08.53:898][  0]LogHMD: Failed to initialize OpenVR with code 110
[2018.02.02-16.08.55:556][  0]LogStats: UGameplayTagsManager::ConstructGameplayTagTree: Construct from data asset -  0.000 s
[2018.02.02-16.08.55:558][  0]LogStats: UGameplayTagsManager::ConstructGameplayTagTree: GameplayTagTreeChangedEvent.Broadcast -  0.001 s
[2018.02.02-16.08.56:712][  0]LogAIModule: Creating AISystem for world Untitled
[2018.02.02-16.08.57:349][  0]LogInit: XAudio2 using 'Headset Earphone (HyperX 7.1 Audio)' : 2 channels at 44.1 kHz using 16 bits per sample (channel mask 0x3)
[2018.02.02-16.08.57:637][  0]LogInit: FAudioDevice initialized.
[2018.02.02-16.08.57:878][  0]LogDerivedDataCache: Saved boot cache 0.21s 78MB C:/Users/gabit/AppData/Local/UnrealEngine/4.18/DerivedDataCache/Boot.ddc.
[2018.02.02-16.08.57:932][  0]LogInit: Texture streaming: Enabled
[2018.02.02-16.08.58:893][  0]LogEngineSessionManager: EngineSessionManager initialized
[2018.02.02-16.08.59:528][  0]LogInit: Transaction tracking system initialized
[2018.02.02-16.09.00:418][  0]BlueprintLog: New page: Editor Load
[2018.02.02-16.09.03:160][  0]LocalizationService: Localization service is disabled
[2018.02.02-16.09.05:395][  0]LogConsoleResponse: Display: 
[2018.02.02-16.09.11:165][  0]LogFileCache: Scanning file cache for directory 'E:/Projects/Unreal Engine/Prototype_2/Content/' took 0.04s
[2018.02.02-16.09.11:165][  0]LogCook: Display: Max memory allowance for cook 16384mb min free memory 0mb
[2018.02.02-16.09.11:166][  0]LogCook: Display: Mobile HDR setting 1
[2018.02.02-16.09.11:177][  0]LogGameplayTags: Display: UGameplayTagsManager::DoneAddingNativeTags. DelegateIsBound: 0
[2018.02.02-16.09.15:586][  0]Cmd: MAP LOAD FILE="../../../../../Projects/Unreal Engine/Prototype_2/Content/SideScrollerBP/Maps/SideScrollerExampleMap.umap" TEMPLATE=0 SHOWPROGRESS=1 FEATURELEVEL=3
[2018.02.02-16.09.15:597][  0]LightingResults: New page: Lighting Build
[2018.02.02-16.09.15:934][  0]MapCheck: New page: Map Check
[2018.02.02-16.09.15:934][  0]LightingResults: New page: Lighting Build
[2018.02.02-16.09.23:202][  0]LogAIModule: Creating AISystem for world SideScrollerExampleMap
[2018.02.02-16.09.25:221][  0]LogEditorServer: Finished looking for orphan Actors (0.000 secs)
[2018.02.02-16.09.25:893][  0]Cmd: MAP CHECKDEP NOCLEARLOG
[2018.02.02-16.09.26:021][  0]MapCheck: Map check complete: 0 Error(s), 0 Warning(s), took 108.291ms to complete.
[2018.02.02-16.09.26:022][  0]LogFileHelpers: Loading map 'SideScrollerExampleMap' took 10.451
[2018.02.02-16.09.33:245][  0]LogCollectionManager: Loaded 0 collections in 0.003463 seconds
[2018.02.02-16.09.33:772][  0]LogFileCache: Scanning file cache for directory 'E:/Projects/Unreal Engine/Prototype_2/Saved/Collections/' took 0.01s
[2018.02.02-16.09.33:773][  0]LogFileCache: Scanning file cache for directory 'E:/Projects/Unreal Engine/Prototype_2/Content/Developers/gabit/Collections/' took 0.01s
[2018.02.02-16.09.33:773][  0]LogFileCache: Scanning file cache for directory 'E:/Projects/Unreal Engine/Prototype_2/Content/Collections/' took 0.01s
[2018.02.02-16.09.33:773][  0]LogCollectionManager: Rebuilt the GUID cache for 0 collections in 0.000001 seconds
[2018.02.02-16.09.33:812][  0]LogContentBrowser: Native class hierarchy populated in 0.0209 seconds. Added 2364 classes and 521 folders.
[2018.02.02-16.09.34:066][  0]LogContentBrowser: Native class hierarchy updated for 'WidgetCarousel' in 0.0004 seconds. Added 0 classes and 0 folders.
[2018.02.02-16.09.36:230][  0]LogContentBrowser: Native class hierarchy updated for 'AddContentDialog' in 0.0003 seconds. Added 0 classes and 0 folders.
[2018.02.02-16.09.36:807][  0]LogSlate: Took 0.031493 seconds to synchronously load lazily loaded font '../../../Engine/Content/Slate/Fonts/Roboto-Regular.ttf' (155K)
[2018.02.02-16.09.36:878][  0]LogSlate: Took 0.026763 seconds to synchronously load lazily loaded font '../../../Engine/Content/Slate/Fonts/Roboto-Bold.ttf' (160K)
[2018.02.02-16.09.37:350][  0]LogSlate: Took 0.080660 seconds to synchronously load lazily loaded font '../../../Engine/Content/Editor/Slate/Fonts/FontAwesome.ttf' (139K)
[2018.02.02-16.09.40:476][  0]LogRenderer: Reallocating scene render targets to support 788x372 Format 10 NumSamples 1 (Frame:1).
[2018.02.02-16.09.49:518][  0]LogContentBrowser: Native class hierarchy updated for 'HierarchicalLODOutliner' in 0.0009 seconds. Added 1 classes and 2 folders.
[2018.02.02-16.09.49:519][  0]LogLoad: (Engine Initialization) Total time: 204.65 seconds
[2018.02.02-16.09.49:519][  0]LogLoad: (Engine Initialization) Total Blueprint compile time: 0.00 seconds
[2018.02.02-16.09.49:553][  0]LogExternalProfiler: No external profilers were discovered.  External profiling features will not be available.
[2018.02.02-16.09.50:839][  0]SourceControl: On branch master
[2018.02.02-16.09.50:839][  0]SourceControl: Your branch is up to date with 'origin/master'.
[2018.02.02-16.09.50:839][  0]SourceControl: Changes not staged for commit:
[2018.02.02-16.09.50:839][  0]SourceControl:   (use "git add <file>..." to update what will be committed)
[2018.02.02-16.09.50:840][  0]SourceControl:   (use "git checkout -- <file>..." to discard changes in working directory)
[2018.02.02-16.09.50:840][  0]SourceControl: 	modified:   Intermediate/CachedAssetRegistry.bin
[2018.02.02-16.09.50:840][  0]SourceControl: 	modified:   Saved/Config/Windows/Editor.ini
[2018.02.02-16.09.50:840][  0]SourceControl: 	modified:   Saved/Config/Windows/Engine.ini
[2018.02.02-16.09.50:840][  0]SourceControl: 	modified:   Saved/Logs/Prototype_2.log
[2018.02.02-16.09.50:840][  0]SourceControl: Untracked files:
[2018.02.02-16.09.50:840][  0]SourceControl:   (use "git add <file>..." to include in what will be committed)
[2018.02.02-16.09.50:840][  0]SourceControl: 	Saved/Config/CrashReportClient/UE4CC-Windows-C277A2E54572FE78C8D77C940A610EF6/
[2018.02.02-16.09.50:840][  0]SourceControl: 	Saved/Logs/Prototype_2-backup-2018.02.02-18.06.46.log
[2018.02.02-16.09.50:840][  0]SourceControl: no changes added to commit (use "git add" and/or "git commit -a")
[2018.02.02-16.09.50:886][  0]LogContentStreaming: Texture pool size now 1000 MB
[2018.02.02-16.09.51:490][  1]LogRenderer: Reallocating scene render targets to support 788x388 Format 10 NumSamples 1 (Frame:2).
[2018.02.02-16.09.52:271][  1]LogSlate: Took 0.025580 seconds to synchronously load lazily loaded font '../../../Engine/Content/Slate/Fonts/Roboto-Light.ttf' (159K)
[2018.02.02-16.09.53:890][  2]LogD3D11RHI: Timed out while waiting for GPU to catch up. (0.5 s)
[2018.02.02-16.09.54:979][  3]LogD3D11RHI: Error: Direct3DDevice->CreateTexture2D(&Desc,NULL,TempTexture2D.GetInitReference()) failed 
 at D:\Build\++UE4+Release-4.18+Compile\Sync\Engine\Source\Runtime\Windows\D3D11RHI\Private\D3D11RenderTarget.cpp:1170 
 with error DXGI_ERROR_DEVICE_REMOVED DXGI_ERROR_DEVICE_HUNG
[2018.02.02-16.09.54:979][  3]LogWindows: Windows GetLastError: The operation completed successfully. (0)
[2018.02.02-16.10.24:029][  3]LogWindows: Windows GetLastError: The operation completed successfully. (0)
[2018.02.02-16.10.24:115][  3]LogWindows: Error: === Critical error: ===
[2018.02.02-16.10.24:115][  3]LogWindows: Error: 
[2018.02.02-16.10.24:115][  3]LogWindows: Error: Fatal error: [File:D:\Build\++UE4+Release-4.18+Compile\Sync\Engine\Source\Runtime\RenderCore\Private\RenderingThread.cpp] [Line: 813] 
[2018.02.02-16.10.24:115][  3]LogWindows: Error: Rendering thread exception:
[2018.02.02-16.10.24:115][  3]LogWindows: Error: Fatal error: [File:D:\Build\++UE4+Release-4.18+Compile\Sync\Engine\Source\Runtime\Windows\D3D11RHI\Private\D3D11Util.cpp] [Line: 182] 
[2018.02.02-16.10.24:115][  3]LogWindows: Error: Unreal Engine is exiting due to D3D device being lost. (Error: 0x887A0006 - 'HUNG')
[2018.02.02-16.10.24:115][  3]LogWindows: Error: 
[2018.02.02-16.10.24:115][  3]LogWindows: Error: 
[2018.02.02-16.10.24:115][  3]LogWindows: Error: [Callstack] 0x000000008A423C58 KERNELBASE.dll!UnknownFunction []
[2018.02.02-16.10.24:115][  3]LogWindows: Error: [Callstack] 0x0000000069ED76D4 UE4Editor-ApplicationCore.dll!UnknownFunction []
[2018.02.02-16.10.24:115][  3]LogWindows: Error: [Callstack] 0x000000006509330B UE4Editor-Core.dll!UnknownFunction []
[2018.02.02-16.10.24:115][  3]LogWindows: Error: [Callstack] 0x00000000650247F9 UE4Editor-Core.dll!UnknownFunction []
[2018.02.02-16.10.24:115][  3]LogWindows: Error: [Callstack] 0x00000000490479FF UE4Editor-D3D11RHI.dll!UnknownFunction []
[2018.02.02-16.10.24:115][  3]LogWindows: Error: [Callstack] 0x000000004904BBC0 UE4Editor-D3D11RHI.dll!UnknownFunction []
[2018.02.02-16.10.24:115][  3]LogWindows: Error: [Callstack] 0x000000004903B561 UE4Editor-D3D11RHI.dll!UnknownFunction []
[2018.02.02-16.10.24:115][  3]LogWindows: Error: [Callstack] 0x000000006AEA515E UE4Editor-RHI.dll!UnknownFunction []
[2018.02.02-16.10.24:115][  3]LogWindows: Error: [Callstack] 0x000000004DD3A367 UE4Editor-Renderer.dll!UnknownFunction []
[2018.02.02-16.10.24:115][  3]LogWindows: Error: [Callstack] 0x000000004DD37A78 UE4Editor-Renderer.dll!UnknownFunction []
[2018.02.02-16.10.24:115][  3]LogWindows: Error: [Callstack] 0x000000004DD6025F UE4Editor-Renderer.dll!UnknownFunction []
[2018.02.02-16.10.24:115][  3]LogWindows: Error: [Callstack] 0x0000000064EF4845 UE4Editor-Core.dll!UnknownFunction []
[2018.02.02-16.10.24:115][  3]LogWindows: Error: [Callstack] 0x0000000064EF4E2A UE4Editor-Core.dll!UnknownFunction []
[2018.02.02-16.10.24:115][  3]LogWindows: Error: [Callstack] 0x000000006C5622C4 UE4Editor-RenderCore.dll!UnknownFunction []
[2018.02.02-16.10.24:115][  3]LogWindows: Error: [Callstack] 0x000000006C5632F6 UE4Editor-RenderCore.dll!UnknownFunction []
[2018.02.02-16.10.24:115][  3]LogWindows: Error: [Callstack] 0x000000006529092C UE4Editor-Core.dll!UnknownFunction []
[2018.02.02-16.10.24:115][  3]LogWindows: Error: [Callstack] 0x0000000065282563 UE4Editor-Core.dll!UnknownFunction []
[2018.02.02-16.10.24:115][  3]LogWindows: Error: [Callstack] 0x000000008B918364 KERNEL32.DLL!UnknownFunction []
[2018.02.02-16.10.24:115][  3]LogWindows: Error: [Callstack] 0x000000008D157091 ntdll.dll!UnknownFunction []
[2018.02.02-16.10.24:115][  3]LogWindows: Error: [Callstack] 0x000000008D157091 ntdll.dll!UnknownFunction []
[2018.02.02-16.10.24:115][  3]LogWindows: Error: 
[2018.02.02-16.10.24:115][  3]LogWindows: Error: 
[2018.02.02-16.10.24:115][  3]LogWindows: Error: 
[2018.02.02-16.10.24:115][  3]LogWindows: Error: 
[2018.02.02-16.10.24:150][  3]LogExit: Executing StaticShutdownAfterError
[2018.02.02-16.10.28:080][  3]LogWindows: FPlatformMisc::RequestExit(1)
[2018.02.02-16.10.28:251][  3]Log file closed, 02/02/18 18:10:28
